{
  "code": 200,
  "msg": "success"
}{
  "code": 200,
  "msg": "success"
}

Request-6: Successfully to submit computes request
Request-3: Successfully to submit computes request
{
  "code": 200,
  "msg": "success"
}
Request-4: Successfully to submit computes request
{
  "code": 200,
  "msg": "success"
}
Request-7: Successfully to submit computes request {
  "code": 200,
  "msg": "success"
}
Request-5: Successfully to submit computes request

{
  "code": 200,
  "msg": "success"
}
Request-10: Successfully to submit computes request
{
  "code": 200,
  "msg": "success"
}
Request-18: Successfully to submit computes request
{
  "code": 200,
  "msg": "success"
}
{
  "code": 200,
  "msg": "success"
}
 {
  "code": 200,
  "msg": "success"
}Request-8: Successfully to submit computes request
Request-14: Successfully to submit computes request
 {
  "code": 200,
  "msg": "success"
}{
  "code": 200,
  "msg": "success"
}

Request-2: Successfully to submit computes request
Request-15: Successfully to submit computes request

Request-20: Successfully to submit computes request{
  "code": 200,
  "msg": "success"
}

 {
  "code": 200,
  "msg": "success"
}Request-19: Successfully to submit computes request
{
  "code": 200,
  "msg": "success"
}
Request-9: Successfully to submit computes request
 {
  "code": 200,
  "msg": "success"
}{
  "code": 200,
  "msg": "success"
}
Request-23: Successfully to submit computes request
 {
  "code": 200,
  "msg": "success"
}
Request-13: Successfully to submit computes request

Request-11: Successfully to submit computes request

Request-1: Successfully to submit computes request
{
  "code": 200,
  "msg": "success"
}
 {
  "code": 200,
  "msg": "success"
}Request-25: Successfully to submit computes request
{
  "code": 200,
  "msg": "success"
}
 {
  "code": 200,
  "msg": "success"
}{
  "code": 200,
  "msg": "success"
}
Request-16: Successfully to submit computes request

Request-24: Successfully to submit computes request

Request-22: Successfully to submit computes request
Request-17: Successfully to submit computes request
{
  "code": 200,
  "msg": "success"
}
Request-12: Successfully to submit computes request
{
  "code": 200,
  "msg": "success"
}
Request-29: Successfully to submit computes request
{
  "code": 200,
  "msg": "success"
}
Request-21: Successfully to submit computes request
 {
  "code": 200,
  "msg": "success"
}
Request-27: Successfully to submit computes request
{
  "code": 200,
  "msg": "success"
}
Request-26: Successfully to submit computes request
{
  "code": 200,
  "msg": "success"
}
 {
  "code": 200,
  "msg": "success"
}
Request-28: Successfully to submit computes request
Request-40: Successfully to submit computes request
{
  "code": 200,
  "msg": "success"
}
Request-31: Successfully to submit computes request
{
  "code": 200,
  "msg": "success"
}
Request-30: Successfully to submit computes request
{
  "code": 200,
  "msg": "success"
}
Request-33: Successfully to submit computes request
 {
  "code": 200,
  "msg": "success"
}
Request-32: Successfully to submit computes request{
  "code": 200,
  "msg": "success"
}
 {
  "code": 200,
  "msg": "success"
}
Request-39: Successfully to submit computes request
 {
  "code": 200,
  "msg": "success"
}

Request-42: Successfully to submit computes request
Request-38: Successfully to submit computes request
{
  "code": 200,
  "msg": "success"
}
 {
  "code": 200,
  "msg": "success"
}Request-37: Successfully to submit computes request

Request-35: Successfully to submit computes request
{
  "code": 200,
  "msg": "success"
}
Request-34: Successfully to submit computes request
{
  "code": 200,
  "msg": "success"
}
Request-43: Successfully to submit computes request
{
  "code": 200,
  "msg": "success"
}
Request-36: Successfully to submit computes request
{
  "code": 200,
  "msg": "success"
}
 {
  "code": 200,
  "msg": "success"
}{
  "code": 200,
  "msg": "success"
}
Request-41: Successfully to submit computes request
 {
  "code": 200,
  "msg": "success"
}Request-48: Successfully to submit computes request

 {
  "code": 200,
  "msg": "success"
}
Request-44: Successfully to submit computes request
Request-47: Successfully to submit computes request
Request-46: Successfully to submit computes request

{
  "code": 200,
  "msg": "success"
}
 {
  "code": 200,
  "msg": "success"
}Request-49: Successfully to submit computes request

Request-45: Successfully to submit computes request
{
  "code": 200,
  "msg": "success"
}
Request-51: Successfully to submit computes request
 {
  "code": 200,
  "msg": "success"
}
Request-54: Successfully to submit computes request
 {
  "code": 200,
  "msg": "success"
}
 {
  "code": 200,
  "msg": "success"
}
Request-53: Successfully to submit computes request
Request-50: Successfully to submit computes request
{
  "code": 200,
  "msg": "success"
}
Request-55: Successfully to submit computes request
 {
  "code": 200,
  "msg": "success"
}
Request-52: Successfully to submit computes request
{
  "code": 200,
  "msg": "success"
}
Request-58: Successfully to submit computes request
{
  "code": 200,
  "msg": "success"
}
Request-56: Successfully to submit computes request
{
  "code": 200,
  "msg": "success"
}
 {
  "code": 200,
  "msg": "success"
}
Request-57: Successfully to submit computes request
Request-59: Successfully to submit computes request
 {
  "code": 200,
  "msg": "success"
}
Request-62: Successfully to submit computes request
{
  "code": 200,
  "msg": "success"
}
Request-66: Successfully to submit computes request
{
  "code": 200,
  "msg": "success"
}
 {
  "code": 200,
  "msg": "success"
}
Request-60: Successfully to submit computes request
 {
  "code": 200,
  "msg": "success"
}Request-61: Successfully to submit computes request
{
  "code": 200,
  "msg": "success"
}
 {
  "code": 200,
  "msg": "success"
}
Request-64: Successfully to submit computes request
{
  "code": 200,
  "msg": "success"
}
Request-65: Successfully to submit computes request

Request-69: Successfully to submit computes request
Request-63: Successfully to submit computes request
{
  "code": 200,
  "msg": "success"
}
Request-68: Successfully to submit computes request
{
  "code": 200,
  "msg": "success"
}
 {
  "code": 200,
  "msg": "success"
}Request-67: Successfully to submit computes request

Request-70: Successfully to submit computes request
{
  "code": 200,
  "msg": "success"
}
Request-74: Successfully to submit computes request
{
  "code": 200,
  "msg": "success"
}
Request-72: Successfully to submit computes request
{
  "code": 200,
  "msg": "success"
}
Request-73: Successfully to submit computes request
 {
  "code": 200,
  "msg": "success"
}{
  "code": 200,
  "msg": "success"
}
Request-75: Successfully to submit computes request

Request-71: Successfully to submit computes request
 {
  "code": 200,
  "msg": "success"
}
 {
  "code": 200,
  "msg": "success"
}Request-77: Successfully to submit computes request

Request-78: Successfully to submit computes request
{
  "code": 200,
  "msg": "success"
}
Request-76: Successfully to submit computes request
{
  "code": 200,
  "msg": "success"
}
Request-79: Successfully to submit computes request
{
  "code": 200,
  "msg": "success"
}
Request-80: Successfully to submit computes request
{
  "code": 200,
  "msg": "success"
}
Request-85: Successfully to submit computes request
{
  "code": 200,
  "msg": "success"
}
Request-88: Successfully to submit computes request
 {
  "code": 200,
  "msg": "success"
}
Request-82: Successfully to submit computes request
{
  "code": 200,
  "msg": "success"
}
Request-81: Successfully to submit computes request
{
  "code": 200,
  "msg": "success"
}
{
  "code": 200,
  "msg": "success"
}
Request-83: Successfully to submit computes request
 Request-84: Successfully to submit computes request{
  "code": 200,
  "msg": "success"
}
Request-86: Successfully to submit computes request

{
  "code": 200,
  "msg": "success"
}
Request-91: Successfully to submit computes request
 {
  "code": 200,
  "msg": "success"
}
Request-87: Successfully to submit computes request
{
  "code": 200,
  "msg": "success"
}
Request-89: Successfully to submit computes request
{
  "code": 200,
  "msg": "success"
}
Request-94: Successfully to submit computes request
{
  "code": 200,
  "msg": "success"
}
Request-92: Successfully to submit computes request
{
  "code": 200,
  "msg": "success"
}
Request-93: Successfully to submit computes request
{
  "code": 200,
  "msg": "success"
}
Request-90: Successfully to submit computes request
{
  "code": 200,
  "msg": "success"
}
 {
  "code": 200,
  "msg": "success"
}Request-100: Successfully to submit computes request

Request-96: Successfully to submit computes request
{
  "code": 200,
  "msg": "success"
}
Request-99: Successfully to submit computes request
{
  "code": 200,
  "msg": "success"
} {
  "code": 200,
  "msg": "success"
}
{
  "code": 200,
  "msg": "success"
}
Request-97: Successfully to submit computes request
 {
  "code": 200,
  "msg": "success"
}Request-104: Successfully to submit computes request

{
  "code": 200,
  "msg": "success"
}
Request-101: Successfully to submit computes request
 {
  "code": 200,
  "msg": "success"
}
Request-102: Successfully to submit computes request
Request-103: Successfully to submit computes request

Request-95: Successfully to submit computes request
{
  "code": 200,
  "msg": "success"
}
{
  "code": 200,
  "msg": "success"
}
 Request-108: Successfully to submit computes requestRequest-98: Successfully to submit computes request
 {
  "code": 200,
  "msg": "success"
}
{
  "code": 200,
  "msg": "success"
}
Request-111: Successfully to submit computes request

Request-105: Successfully to submit computes request
{
  "code": 200,
  "msg": "success"
}
Request-109: Successfully to submit computes request
 {
  "code": 200,
  "msg": "success"
}
Request-106: Successfully to submit computes request
{
  "code": 200,
  "msg": "success"
}
Request-110: Successfully to submit computes request
{
  "code": 200,
  "msg": "success"
}
Request-113: Successfully to submit computes request
{
  "code": 200,
  "msg": "success"
}
Request-107: Successfully to submit computes request
{
  "code": 200,
  "msg": "success"
}
Request-115: Successfully to submit computes request
{
  "code": 200,
  "msg": "success"
}
Request-116: Successfully to submit computes request
{
  "code": 200,
  "msg": "success"
}
Request-112: Successfully to submit computes request
{
  "code": 200,
  "msg": "success"
}
Request-121: Successfully to submit computes request
 {
  "code": 200,
  "msg": "success"
}
Request-119: Successfully to submit computes request
 {
  "code": 200,
  "msg": "success"
}
Request-118: Successfully to submit computes request
{
  "code": 200,
  "msg": "success"
}
 {
  "code": 200,
  "msg": "success"
}
Request-114: Successfully to submit computes request
Request-120: Successfully to submit computes request{
  "code": 200,
  "msg": "success"
}
Request-117: Successfully to submit computes request
{
  "code": 200,
  "msg": "success"
}

{
  "code": 200,
  "msg": "success"
}
Request-126: Successfully to submit computes request
Request-122: Successfully to submit computes request
{
  "code": 200,
  "msg": "success"
}
Request-125: Successfully to submit computes request
{
  "code": 200,
  "msg": "success"
}
Request-124: Successfully to submit computes request
{
  "code": 200,
  "msg": "success"
}
 {
  "code": 200,
  "msg": "success"
}
Request-123: Successfully to submit computes request
Request-127: Successfully to submit computes request
{
  "code": 200,
  "msg": "success"
}
Request-128: Successfully to submit computes request
{
  "code": 200,
  "msg": "success"
}
Request-130: Successfully to submit computes request
{
  "code": 200,
  "msg": "success"
}
Request-129: Successfully to submit computes request
{
  "code": 200,
  "msg": "success"
}
Request-188: Successfully to submit computes request
{
  "code": 200,
  "msg": "success"
}
Request-131: Successfully to submit computes request
{
  "code": 200,
  "msg": "success"
}
Request-640: Successfully to submit computes request
{
  "code": 200,
  "msg": "success"
}
Request-773: Successfully to submit computes request
{
  "code": 200,
  "msg": "success"
}
Request-757: Successfully to submit computes request
{
  "code": 200,
  "msg": "success"
}
Request-639: Successfully to submit computes request
{
  "code": 200,
  "msg": "success"
}
Request-727: Successfully to submit computes request
{
  "code": 200,
  "msg": "success"
}
Request-546: Successfully to submit computes request
{
  "code": 200,
  "msg": "success"
}
Request-290: Successfully to submit computes request
{
  "code": 200,
  "msg": "success"
}
Request-412: Successfully to submit computes request
{
  "code": 200,
  "msg": "success"
}
Request-458: Successfully to submit computes request
{
  "code": 200,
  "msg": "success"
}
Request-440: Successfully to submit computes request
{
  "code": 200,
  "msg": "success"
}
Request-521: Successfully to submit computes request
{
  "code": 200,
  "msg": "success"
}
Request-696: Successfully to submit computes request
{
  "code": 200,
  "msg": "success"
}
Request-526: Successfully to submit computes request
{
  "code": 200,
  "msg": "success"
}
Request-235: Successfully to submit computes request
{
  "code": 200,
  "msg": "success"
}
Request-779: Successfully to submit computes request
{
  "code": 200,
  "msg": "success"
}
Request-704: Successfully to submit computes request
{
  "code": 200,
  "msg": "success"
}
Request-778: Successfully to submit computes request
{
  "code": 200,
  "msg": "success"
}
Request-658: Successfully to submit computes request
{
  "code": 200,
  "msg": "success"
}
Request-207: Successfully to submit computes request
{
  "code": 200,
  "msg": "success"
}
Request-677: Successfully to submit computes request
{
  "code": 200,
  "msg": "success"
}
Request-216: Successfully to submit computes request
{
  "code": 200,
  "msg": "success"
}
Request-536: Successfully to submit computes request
{
  "code": 200,
  "msg": "success"
}
Request-734: Successfully to submit computes request
{
  "code": 200,
  "msg": "success"
}
Request-446: Successfully to submit computes request
{
  "code": 200,
  "msg": "success"
}
Request-664: Successfully to submit computes request
{
  "code": 200,
  "msg": "success"
}
Request-636: Successfully to submit computes request
{
  "code": 200,
  "msg": "success"
}
Request-351: Successfully to submit computes request
{
  "code": 200,
  "msg": "success"
}
Request-372: Successfully to submit computes request
{
  "code": 200,
  "msg": "success"
}
Request-683: Successfully to submit computes request
{
  "code": 200,
  "msg": "success"
}
Request-415: Successfully to submit computes request
{
  "code": 200,
  "msg": "success"
}
Request-756: Successfully to submit computes request
{
  "code": 200,
  "msg": "success"
}
Request-771: Successfully to submit computes request
{
  "code": 200,
  "msg": "success"
}
Request-760: Successfully to submit computes request
{
  "code": 200,
  "msg": "success"
}
Request-634: Successfully to submit computes request
{
  "code": 200,
  "msg": "success"
}
Request-501: Successfully to submit computes request
{
  "code": 200,
  "msg": "success"
}
Request-674: Successfully to submit computes request
{
  "code": 200,
  "msg": "success"
}
Request-193: Successfully to submit computes request
{
  "code": 200,
  "msg": "success"
}
Request-667: Successfully to submit computes request
{
  "code": 200,
  "msg": "success"
}
Request-669: Successfully to submit computes request
{
  "code": 200,
  "msg": "success"
}
Request-318: Successfully to submit computes request
{
  "code": 200,
  "msg": "success"
}
Request-212: Successfully to submit computes request
{
  "code": 200,
  "msg": "success"
}
Request-404: Successfully to submit computes request
{
  "code": 200,
  "msg": "success"
}
Request-715: Successfully to submit computes request
{
  "code": 200,
  "msg": "success"
}
Request-695: Successfully to submit computes request
{
  "code": 200,
  "msg": "success"
}
Request-717: Successfully to submit computes request
{
  "code": 200,
  "msg": "success"
}
Request-449: Successfully to submit computes request
{
  "code": 200,
  "msg": "success"
}
Request-281: Successfully to submit computes request
{
  "code": 200,
  "msg": "success"
}
Request-691: Successfully to submit computes request
{
  "code": 200,
  "msg": "success"
}
Request-710: Successfully to submit computes request
{
  "code": 200,
  "msg": "success"
}
Request-291: Successfully to submit computes request
{
  "code": 200,
  "msg": "success"
}
Request-609: Successfully to submit computes request
{
  "code": 200,
  "msg": "success"
}
Request-785: Successfully to submit computes request
{
  "code": 200,
  "msg": "success"
}
Request-637: Successfully to submit computes request
{
  "code": 200,
  "msg": "success"
}
Request-345: Successfully to submit computes request
{
  "code": 200,
  "msg": "success"
}
Request-522: Successfully to submit computes request
{
  "code": 200,
  "msg": "success"
}
Request-396: Successfully to submit computes request
{
  "code": 200,
  "msg": "success"
}
Request-662: Successfully to submit computes request
{
  "code": 200,
  "msg": "success"
}
Request-506: Successfully to submit computes request
{
  "code": 200,
  "msg": "success"
}
Request-679: Successfully to submit computes request
{
  "code": 200,
  "msg": "success"
}
Request-378: Successfully to submit computes request
{
  "code": 200,
  "msg": "success"
}
Request-708: Successfully to submit computes request
{
  "code": 200,
  "msg": "success"
}
Request-702: Successfully to submit computes request
{
  "code": 200,
  "msg": "success"
}
Request-228: Successfully to submit computes request
{
  "code": 200,
  "msg": "success"
}
Request-698: Successfully to submit computes request
{
  "code": 200,
  "msg": "success"
}
Request-552: Successfully to submit computes request
{
  "code": 200,
  "msg": "success"
}
Request-729: Successfully to submit computes request
{
  "code": 200,
  "msg": "success"
}
Request-507: Successfully to submit computes request
{
  "code": 200,
  "msg": "success"
}
Request-211: Successfully to submit computes request
{
  "code": 200,
  "msg": "success"
}
Request-615: Successfully to submit computes request
{
  "code": 200,
  "msg": "success"
}
Request-782: Successfully to submit computes request
{
  "code": 200,
  "msg": "success"
}
Request-381: Successfully to submit computes request
{
  "code": 200,
  "msg": "success"
}
Request-692: Successfully to submit computes request
{
  "code": 200,
  "msg": "success"
}
Request-703: Successfully to submit computes request
{
  "code": 200,
  "msg": "success"
}
Request-406: Successfully to submit computes request
{
  "code": 200,
  "msg": "success"
}
Request-705: Successfully to submit computes request
{
  "code": 200,
  "msg": "success"
}
Request-550: Successfully to submit computes request
{
  "code": 200,
  "msg": "success"
}
Request-164: Successfully to submit computes request
{
  "code": 200,
  "msg": "success"
}
Request-275: Successfully to submit computes request
{
  "code": 200,
  "msg": "success"
}
Request-450: Successfully to submit computes request
{
  "code": 200,
  "msg": "success"
}
Request-735: Successfully to submit computes request
{
  "code": 200,
  "msg": "success"
}
Request-465: Successfully to submit computes request
{
  "code": 200,
  "msg": "success"
}
Request-765: Successfully to submit computes request
{
  "code": 200,
  "msg": "success"
}
Request-187: Successfully to submit computes request
{
  "code": 200,
  "msg": "success"
}
Request-671: Successfully to submit computes request
{
  "code": 200,
  "msg": "success"
}
Request-514: Successfully to submit computes request
{
  "code": 200,
  "msg": "success"
}
Request-638: Successfully to submit computes request
{
  "code": 200,
  "msg": "success"
}
Request-719: Successfully to submit computes request
{
  "code": 200,
  "msg": "success"
}
Request-303: Successfully to submit computes request
{
  "code": 200,
  "msg": "success"
}
Request-261: Successfully to submit computes request
{
  "code": 200,
  "msg": "success"
}
Request-401: Successfully to submit computes request
{
  "code": 200,
  "msg": "success"
}
Request-748: Successfully to submit computes request
{
  "code": 200,
  "msg": "success"
}
Request-295: Successfully to submit computes request
{
  "code": 200,
  "msg": "success"
}
Request-202: Successfully to submit computes request
{
  "code": 200,
  "msg": "success"
}
Request-210: Successfully to submit computes request
{
  "code": 200,
  "msg": "success"
}
Request-386: Successfully to submit computes request
{
  "code": 200,
  "msg": "success"
}
Request-451: Successfully to submit computes request
{
  "code": 200,
  "msg": "success"
}
Request-653: Successfully to submit computes request
{
  "code": 200,
  "msg": "success"
}
Request-575: Successfully to submit computes request
{
  "code": 200,
  "msg": "success"
}
Request-192: Successfully to submit computes request
{
  "code": 200,
  "msg": "success"
}
Request-339: Successfully to submit computes request
{
  "code": 200,
  "msg": "success"
}
Request-467: Successfully to submit computes request
{
  "code": 200,
  "msg": "success"
}
Request-183: Successfully to submit computes request
{
  "code": 200,
  "msg": "success"
}
Request-627: Successfully to submit computes request
{
  "code": 200,
  "msg": "success"
}
Request-613: Successfully to submit computes request
{
  "code": 200,
  "msg": "success"
}
Request-379: Successfully to submit computes request
{
  "code": 200,
  "msg": "success"
}
Request-334: Successfully to submit computes request
{
  "code": 200,
  "msg": "success"
}
Request-511: Successfully to submit computes request
{
  "code": 200,
  "msg": "success"
}
Request-650: Successfully to submit computes request
{
  "code": 200,
  "msg": "success"
}
Request-200: Successfully to submit computes request
{
  "code": 200,
  "msg": "success"
}
Request-179: Successfully to submit computes request
{
  "code": 200,
  "msg": "success"
}
Request-689: Successfully to submit computes request
{
  "code": 200,
  "msg": "success"
}
Request-252: Successfully to submit computes request
{
  "code": 200,
  "msg": "success"
}
Request-222: Successfully to submit computes request
{
  "code": 200,
  "msg": "success"
}
Request-403: Successfully to submit computes request
{
  "code": 200,
  "msg": "success"
}
Request-544: Successfully to submit computes request
{
  "code": 200,
  "msg": "success"
}
Request-270: Successfully to submit computes request
{
  "code": 200,
  "msg": "success"
}
Request-438: Successfully to submit computes request
{
  "code": 200,
  "msg": "success"
}
Request-622: Successfully to submit computes request
{
  "code": 200,
  "msg": "success"
}
Request-312: Successfully to submit computes request
{
  "code": 200,
  "msg": "success"
}
Request-629: Successfully to submit computes request
{
  "code": 200,
  "msg": "success"
}
Request-370: Successfully to submit computes request
{
  "code": 200,
  "msg": "success"
}
Request-191: Successfully to submit computes request
{
  "code": 200,
  "msg": "success"
}
Request-204: Successfully to submit computes request
{
  "code": 200,
  "msg": "success"
}
Request-367: Successfully to submit computes request
{
  "code": 200,
  "msg": "success"
}
Request-713: Successfully to submit computes request
{
  "code": 200,
  "msg": "success"
}
Request-140: Successfully to submit computes request
{
  "code": 200,
  "msg": "success"
}
Request-553: Successfully to submit computes request
{
  "code": 200,
  "msg": "success"
}
Request-294: Successfully to submit computes request
{
  "code": 200,
  "msg": "success"
}
Request-788: Successfully to submit computes request
{
  "code": 200,
  "msg": "success"
}
Request-305: Successfully to submit computes request
{
  "code": 200,
  "msg": "success"
}
Request-146: Successfully to submit computes request
{
  "code": 200,
  "msg": "success"
}
Request-490: Successfully to submit computes request
{
  "code": 200,
  "msg": "success"
}
Request-498: Successfully to submit computes request
{
  "code": 200,
  "msg": "success"
}
Request-259: Successfully to submit computes request
{
  "code": 200,
  "msg": "success"
}
Request-427: Successfully to submit computes request
{
  "code": 200,
  "msg": "success"
}
Request-676: Successfully to submit computes request
{
  "code": 200,
  "msg": "success"
}
Request-541: Successfully to submit computes request
{
  "code": 200,
  "msg": "success"
}
Request-559: Successfully to submit computes request
{
  "code": 200,
  "msg": "success"
}
Request-443: Successfully to submit computes request
{
  "code": 200,
  "msg": "success"
}
Request-399: Successfully to submit computes request
{
  "code": 200,
  "msg": "success"
}
Request-709: Successfully to submit computes request
{
  "code": 200,
  "msg": "success"
}
Request-570: Successfully to submit computes request
{
  "code": 200,
  "msg": "success"
}
Request-768: Successfully to submit computes request
{
  "code": 200,
  "msg": "success"
}
Request-509: Successfully to submit computes request
{
  "code": 200,
  "msg": "success"
}
Request-473: Successfully to submit computes request
{
  "code": 200,
  "msg": "success"
}
Request-478: Successfully to submit computes request
{
  "code": 200,
  "msg": "success"
}
Request-607: Successfully to submit computes request
{
  "code": 200,
  "msg": "success"
}
Request-730: Successfully to submit computes request
{
  "code": 200,
  "msg": "success"
}
Request-564: Successfully to submit computes request
{
  "code": 200,
  "msg": "success"
}
Request-775: Successfully to submit computes request
{
  "code": 200,
  "msg": "success"
}
Request-504: Successfully to submit computes request
{
  "code": 200,
  "msg": "success"
}
Request-369: Successfully to submit computes request
{
  "code": 200,
  "msg": "success"
}
Request-641: Successfully to submit computes request
{
  "code": 200,
  "msg": "success"
}
Request-347: Successfully to submit computes request
{
  "code": 200,
  "msg": "success"
}
Request-470: Successfully to submit computes request
{
  "code": 200,
  "msg": "success"
}
Request-529: Successfully to submit computes request
{
  "code": 200,
  "msg": "success"
}
Request-170: Successfully to submit computes request
{
  "code": 200,
  "msg": "success"
}
Request-619: Successfully to submit computes request
{
  "code": 200,
  "msg": "success"
}
Request-791: Successfully to submit computes request
{
  "code": 200,
  "msg": "success"
}
Request-417: Successfully to submit computes request
{
  "code": 200,
  "msg": "success"
}
Request-697: Successfully to submit computes request
{
  "code": 200,
  "msg": "success"
}
Request-219: Successfully to submit computes request
{
  "code": 200,
  "msg": "success"
}
Request-687: Successfully to submit computes request
{
  "code": 200,
  "msg": "success"
}
Request-549: Successfully to submit computes request
{
  "code": 200,
  "msg": "success"
}
Request-690: Successfully to submit computes request
{
  "code": 200,
  "msg": "success"
}
Request-545: Successfully to submit computes request
{
  "code": 200,
  "msg": "success"
}
Request-297: Successfully to submit computes request
{
  "code": 200,
  "msg": "success"
}
Request-266: Successfully to submit computes request
{
  "code": 200,
  "msg": "success"
}
Request-731: Successfully to submit computes request
{
  "code": 200,
  "msg": "success"
}
Request-335: Successfully to submit computes request
{
  "code": 200,
  "msg": "success"
}
Request-282: Successfully to submit computes request
{
  "code": 200,
  "msg": "success"
}
Request-781: Successfully to submit computes request
{
  "code": 200,
  "msg": "success"
}
Request-278: Successfully to submit computes request
{
  "code": 200,
  "msg": "success"
}
Request-314: Successfully to submit computes request
{
  "code": 200,
  "msg": "success"
}
Request-315: Successfully to submit computes request
{
  "code": 200,
  "msg": "success"
}
Request-548: Successfully to submit computes request
{
  "code": 200,
  "msg": "success"
}
Request-599: Successfully to submit computes request
{
  "code": 200,
  "msg": "success"
}
Request-480: Successfully to submit computes request
{
  "code": 200,
  "msg": "success"
}
Request-654: Successfully to submit computes request
{
  "code": 200,
  "msg": "success"
}
Request-267: Successfully to submit computes request
{
  "code": 200,
  "msg": "success"
}
Request-491: Successfully to submit computes request
{
  "code": 200,
  "msg": "success"
}
Request-533: Successfully to submit computes request
{
  "code": 200,
  "msg": "success"
}
Request-358: Successfully to submit computes request
{
  "code": 200,
  "msg": "success"
}
Request-701: Successfully to submit computes request
{
  "code": 200,
  "msg": "success"
}
Request-774: Successfully to submit computes request
{
  "code": 200,
  "msg": "success"
}
Request-393: Successfully to submit computes request
{
  "code": 200,
  "msg": "success"
}
Request-685: Successfully to submit computes request
{
  "code": 200,
  "msg": "success"
}
Request-247: Successfully to submit computes request
{
  "code": 200,
  "msg": "success"
}
Request-565: Successfully to submit computes request
{
  "code": 200,
  "msg": "success"
}
Request-436: Successfully to submit computes request
{
  "code": 200,
  "msg": "success"
}
Request-248: Successfully to submit computes request
{
  "code": 200,
  "msg": "success"
}
Request-571: Successfully to submit computes request
{
  "code": 200,
  "msg": "success"
}
Request-579: Successfully to submit computes request
{
  "code": 200,
  "msg": "success"
}
Request-419: Successfully to submit computes request
{
  "code": 200,
  "msg": "success"
}
Request-644: Successfully to submit computes request
{
  "code": 200,
  "msg": "success"
}
Request-726: Successfully to submit computes request
{
  "code": 200,
  "msg": "success"
}
Request-461: Successfully to submit computes request
{
  "code": 200,
  "msg": "success"
}
Request-390: Successfully to submit computes request
{
  "code": 200,
  "msg": "success"
}
Request-647: Successfully to submit computes request
{
  "code": 200,
  "msg": "success"
}
Request-592: Successfully to submit computes request
{
  "code": 200,
  "msg": "success"
}
Request-250: Successfully to submit computes request
{
  "code": 200,
  "msg": "success"
}
Request-272: Successfully to submit computes request
{
  "code": 200,
  "msg": "success"
}
Request-714: Successfully to submit computes request
{
  "code": 200,
  "msg": "success"
}
Request-288: Successfully to submit computes request
{
  "code": 200,
  "msg": "success"
}
Request-444: Successfully to submit computes request
{
  "code": 200,
  "msg": "success"
}
Request-562: Successfully to submit computes request
{
  "code": 200,
  "msg": "success"
}
Request-287: Successfully to submit computes request
{
  "code": 200,
  "msg": "success"
}
Request-589: Successfully to submit computes request
{
  "code": 200,
  "msg": "success"
}
Request-325: Successfully to submit computes request
{
  "code": 200,
  "msg": "success"
}
Request-761: Successfully to submit computes request
{
  "code": 200,
  "msg": "success"
}
Request-784: Successfully to submit computes request
{
  "code": 200,
  "msg": "success"
}
Request-632: Successfully to submit computes request
{
  "code": 200,
  "msg": "success"
}
Request-642: Successfully to submit computes request
{
  "code": 200,
  "msg": "success"
}
Request-152: Successfully to submit computes request
{
  "code": 200,
  "msg": "success"
}
Request-795: Successfully to submit computes request
{
  "code": 200,
  "msg": "success"
}
Request-169: Successfully to submit computes request
{
  "code": 200,
  "msg": "success"
}
 {
  "code": 200,
  "msg": "success"
}
Request-513: Successfully to submit computes request
Request-186: Successfully to submit computes request
{
  "code": 200,
  "msg": "success"
}
Request-475: Successfully to submit computes request
{
  "code": 200,
  "msg": "success"
}
Request-530: Successfully to submit computes request
{
  "code": 200,
  "msg": "success"
}
Request-377: Successfully to submit computes request
{
  "code": 200,
  "msg": "success"
}
Request-488: Successfully to submit computes request
{
  "code": 200,
  "msg": "success"
}
Request-655: Successfully to submit computes request
{
  "code": 200,
  "msg": "success"
}
Request-366: Successfully to submit computes request
{
  "code": 200,
  "msg": "success"
}
Request-411: Successfully to submit computes request
{
  "code": 200,
  "msg": "success"
}
Request-542: Successfully to submit computes request
{
  "code": 200,
  "msg": "success"
}
Request-424: Successfully to submit computes request
{
  "code": 200,
  "msg": "success"
}
Request-682: Successfully to submit computes request
{
  "code": 200,
  "msg": "success"
}
Request-430: Successfully to submit computes request
{
  "code": 200,
  "msg": "success"
}
Request-651: Successfully to submit computes request
{
  "code": 200,
  "msg": "success"
}
Request-656: Successfully to submit computes request
{
  "code": 200,
  "msg": "success"
}
Request-661: Successfully to submit computes request
{
  "code": 200,
  "msg": "success"
}
Request-477: Successfully to submit computes request
{
  "code": 200,
  "msg": "success"
}
Request-555: Successfully to submit computes request
{
  "code": 200,
  "msg": "success"
}
Request-597: Successfully to submit computes request
{
  "code": 200,
  "msg": "success"
}
Request-721: Successfully to submit computes request
{
  "code": 200,
  "msg": "success"
}
Request-313: Successfully to submit computes request
{
  "code": 200,
  "msg": "success"
}
Request-328: Successfully to submit computes request
{
  "code": 200,
  "msg": "success"
}
Request-786: Successfully to submit computes request
{
  "code": 200,
  "msg": "success"
}
Request-787: Successfully to submit computes request
{
  "code": 200,
  "msg": "success"
}
Request-752: Successfully to submit computes request
{
  "code": 200,
  "msg": "success"
}
Request-604: Successfully to submit computes request
{
  "code": 200,
  "msg": "success"
}
Request-464: Successfully to submit computes request
{
  "code": 200,
  "msg": "success"
}
Request-494: Successfully to submit computes request
{
  "code": 200,
  "msg": "success"
}
Request-309: Successfully to submit computes request
{
  "code": 200,
  "msg": "success"
}
Request-482: Successfully to submit computes request
{
  "code": 200,
  "msg": "success"
}
Request-197: Successfully to submit computes request
{
  "code": 200,
  "msg": "success"
}
Request-531: Successfully to submit computes request
{
  "code": 200,
  "msg": "success"
}
Request-777: Successfully to submit computes request
{
  "code": 200,
  "msg": "success"
}
Request-485: Successfully to submit computes request
{
  "code": 200,
  "msg": "success"
}
Request-621: Successfully to submit computes request
{
  "code": 200,
  "msg": "success"
}
Request-525: Successfully to submit computes request
{
  "code": 200,
  "msg": "success"
}
Request-380: Successfully to submit computes request
{
  "code": 200,
  "msg": "success"
}
Request-225: Successfully to submit computes request
{
  "code": 200,
  "msg": "success"
}
Request-331: Successfully to submit computes request
{
  "code": 200,
  "msg": "success"
}
Request-198: Successfully to submit computes request
{
  "code": 200,
  "msg": "success"
}
Request-421: Successfully to submit computes request
{
  "code": 200,
  "msg": "success"
}
Request-693: Successfully to submit computes request
{
  "code": 200,
  "msg": "success"
}
Request-736: Successfully to submit computes request
{
  "code": 200,
  "msg": "success"
}
Request-384: Successfully to submit computes request
{
  "code": 200,
  "msg": "success"
}
 {
  "code": 200,
  "msg": "success"
}
Request-383: Successfully to submit computes request
Request-432: Successfully to submit computes request
{
  "code": 200,
  "msg": "success"
}
Request-143: Successfully to submit computes request
{
  "code": 200,
  "msg": "success"
}
Request-725: Successfully to submit computes request
{
  "code": 200,
  "msg": "success"
}
Request-453: Successfully to submit computes request
{
  "code": 200,
  "msg": "success"
}
Request-265: Successfully to submit computes request
{
  "code": 200,
  "msg": "success"
}
Request-628: Successfully to submit computes request
{
  "code": 200,
  "msg": "success"
}
Request-744: Successfully to submit computes request
{
  "code": 200,
  "msg": "success"
}
Request-755: Successfully to submit computes request
{
  "code": 200,
  "msg": "success"
}
Request-269: Successfully to submit computes request
{
  "code": 200,
  "msg": "success"
}
Request-739: Successfully to submit computes request
{
  "code": 200,
  "msg": "success"
}
Request-611: Successfully to submit computes request
{
  "code": 200,
  "msg": "success"
}
Request-505: Successfully to submit computes request
{
  "code": 200,
  "msg": "success"
}
Request-620: Successfully to submit computes request
{
  "code": 200,
  "msg": "success"
}
Request-646: Successfully to submit computes request
{
  "code": 200,
  "msg": "success"
}
Request-138: Successfully to submit computes request
{
  "code": 200,
  "msg": "success"
}
Request-783: Successfully to submit computes request
{
  "code": 200,
  "msg": "success"
}
Request-319: Successfully to submit computes request
{
  "code": 200,
  "msg": "success"
}
Request-500: Successfully to submit computes request
{
  "code": 200,
  "msg": "success"
}
Request-180: Successfully to submit computes request
{
  "code": 200,
  "msg": "success"
}
Request-375: Successfully to submit computes request
{
  "code": 200,
  "msg": "success"
}
Request-675: Successfully to submit computes request
{
  "code": 200,
  "msg": "success"
}
Request-519: Successfully to submit computes request
{
  "code": 200,
  "msg": "success"
}
Request-712: Successfully to submit computes request
{
  "code": 200,
  "msg": "success"
}
Request-670: Successfully to submit computes request
{
  "code": 200,
  "msg": "success"
}
Request-376: Successfully to submit computes request
{
  "code": 200,
  "msg": "success"
}
Request-360: Successfully to submit computes request
{
  "code": 200,
  "msg": "success"
}
Request-205: Successfully to submit computes request
{
  "code": 200,
  "msg": "success"
}
Request-672: Successfully to submit computes request
{
  "code": 200,
  "msg": "success"
}
Request-745: Successfully to submit computes request
{
  "code": 200,
  "msg": "success"
}
Request-720: Successfully to submit computes request
{
  "code": 200,
  "msg": "success"
}
Request-561: Successfully to submit computes request
{
  "code": 200,
  "msg": "success"
}
Request-429: Successfully to submit computes request
{
  "code": 200,
  "msg": "success"
}
Request-551: Successfully to submit computes request
{
  "code": 200,
  "msg": "success"
}
Request-431: Successfully to submit computes request
{
  "code": 200,
  "msg": "success"
}
Request-563: Successfully to submit computes request
{
  "code": 200,
  "msg": "success"
}
Request-361: Successfully to submit computes request
{
  "code": 200,
  "msg": "success"
}
 {
  "code": 200,
  "msg": "success"
}Request-766: Successfully to submit computes request

Request-732: Successfully to submit computes request
{
  "code": 200,
  "msg": "success"
}
Request-624: Successfully to submit computes request
{
  "code": 200,
  "msg": "success"
}
Request-758: Successfully to submit computes request
{
  "code": 200,
  "msg": "success"
}
 {
  "code": 200,
  "msg": "success"
}
Request-456: Successfully to submit computes request
Request-289: Successfully to submit computes request
{
  "code": 200,
  "msg": "success"
}
Request-626: Successfully to submit computes request
{
  "code": 200,
  "msg": "success"
}
 {
  "code": 200,
  "msg": "success"
}Request-508: Successfully to submit computes request

Request-772: Successfully to submit computes request
{
  "code": 200,
  "msg": "success"
}
Request-466: Successfully to submit computes request
{
  "code": 200,
  "msg": "success"
}
Request-590: Successfully to submit computes request
{
  "code": 200,
  "msg": "success"
}
Request-518: Successfully to submit computes request
{
  "code": 200,
  "msg": "success"
}
Request-796: Successfully to submit computes request
{
  "code": 200,
  "msg": "success"
}
Request-614: Successfully to submit computes request
 {
  "code": 200,
  "msg": "success"
}
Request-489: Successfully to submit computes request
{
  "code": 200,
  "msg": "success"
}
Request-700: Successfully to submit computes request
{
  "code": 200,
  "msg": "success"
}
 {
  "code": 200,
  "msg": "success"
}Request-728: Successfully to submit computes request

Request-699: Successfully to submit computes request
{
  "code": 200,
  "msg": "success"
}
Request-365: Successfully to submit computes request
{
  "code": 200,
  "msg": "success"
}
Request-474: Successfully to submit computes request
{
  "code": 200,
  "msg": "success"
}
Request-177: Successfully to submit computes request
{
  "code": 200,
  "msg": "success"
}
Request-657: Successfully to submit computes request
{
  "code": 200,
  "msg": "success"
}
Request-706: Successfully to submit computes request
{
  "code": 200,
  "msg": "success"
}
Request-374: Successfully to submit computes request
{
  "code": 200,
  "msg": "success"
}
Request-388: Successfully to submit computes request
{
  "code": 200,
  "msg": "success"
}
Request-684: Successfully to submit computes request
{
  "code": 200,
  "msg": "success"
}
Request-405: Successfully to submit computes request
{
  "code": 200,
  "msg": "success"
}
Request-413: Successfully to submit computes request
{
  "code": 200,
  "msg": "success"
}
Request-428: Successfully to submit computes request
{
  "code": 200,
  "msg": "success"
}
Request-557: Successfully to submit computes request
{
  "code": 200,
  "msg": "success"
}
 {
  "code": 200,
  "msg": "success"
}
Request-737: Successfully to submit computes request
Request-556: Successfully to submit computes request
{
  "code": 200,
  "msg": "success"
}
Request-433: Successfully to submit computes request
{
  "code": 200,
  "msg": "success"
}
Request-631: Successfully to submit computes request
{
  "code": 200,
  "msg": "success"
}
Request-260: Successfully to submit computes request
{
  "code": 200,
  "msg": "success"
}
Request-457: Successfully to submit computes request
{
  "code": 200,
  "msg": "success"
}
Request-789: Successfully to submit computes request
{
  "code": 200,
  "msg": "success"
}
Request-516: Successfully to submit computes request
{
  "code": 200,
  "msg": "success"
}
Request-764: Successfully to submit computes request
{
  "code": 200,
  "msg": "success"
}
Request-799: Successfully to submit computes request
{
  "code": 200,
  "msg": "success"
}
Request-176: Successfully to submit computes request
{
  "code": 200,
  "msg": "success"
}
Request-606: Successfully to submit computes request
{
  "code": 200,
  "msg": "success"
}
Request-580: Successfully to submit computes request
{
  "code": 200,
  "msg": "success"
}
Request-330: Successfully to submit computes request
{
  "code": 200,
  "msg": "success"
}
Request-517: Successfully to submit computes request
{
  "code": 200,
  "msg": "success"
}
Request-316: Successfully to submit computes request
{
  "code": 200,
  "msg": "success"
}
Request-600: Successfully to submit computes request
{
  "code": 200,
  "msg": "success"
}
Request-618: Successfully to submit computes request
{
  "code": 200,
  "msg": "success"
}
Request-750: Successfully to submit computes request
{
  "code": 200,
  "msg": "success"
}
Request-502: Successfully to submit computes request
{
  "code": 200,
  "msg": "success"
}
Request-199: Successfully to submit computes request
{
  "code": 200,
  "msg": "success"
}
Request-364: Successfully to submit computes request
{
  "code": 200,
  "msg": "success"
}
Request-659: Successfully to submit computes request
{
  "code": 200,
  "msg": "success"
}
Request-355: Successfully to submit computes request
{
  "code": 200,
  "msg": "success"
}
Request-442: Successfully to submit computes request
{
  "code": 200,
  "msg": "success"
}
Request-733: Successfully to submit computes request
{
  "code": 200,
  "msg": "success"
}
Request-694: Successfully to submit computes request
{
  "code": 200,
  "msg": "success"
}
Request-680: Successfully to submit computes request
{
  "code": 200,
  "msg": "success"
}
Request-681: Successfully to submit computes request
{
  "code": 200,
  "msg": "success"
}
Request-537: Successfully to submit computes request
{
  "code": 200,
  "msg": "success"
}
Request-416: Successfully to submit computes request
{
  "code": 200,
  "msg": "success"
}
Request-268: Successfully to submit computes request
{
  "code": 200,
  "msg": "success"
}
Request-723: Successfully to submit computes request
{
  "code": 200,
  "msg": "success"
}
Request-472: Successfully to submit computes request
{
  "code": 200,
  "msg": "success"
}
Request-742: Successfully to submit computes request
{
  "code": 200,
  "msg": "success"
}
Request-763: Successfully to submit computes request
{
  "code": 200,
  "msg": "success"
}
Request-673: Successfully to submit computes request
{
  "code": 200,
  "msg": "success"
}
Request-780: Successfully to submit computes request
{
  "code": 200,
  "msg": "success"
}
Request-645: Successfully to submit computes request
{
  "code": 200,
  "msg": "success"
}
Request-172: Successfully to submit computes request
{
  "code": 200,
  "msg": "success"
}
Request-740: Successfully to submit computes request
{
  "code": 200,
  "msg": "success"
}
Request-585: Successfully to submit computes request
{
  "code": 200,
  "msg": "success"
}
Request-738: Successfully to submit computes request
{
  "code": 200,
  "msg": "success"
}
Request-448: Successfully to submit computes request
{
  "code": 200,
  "msg": "success"
}
Request-454: Successfully to submit computes request
{
  "code": 200,
  "msg": "success"
}
Request-747: Successfully to submit computes request
{
  "code": 200,
  "msg": "success"
}
Request-610: Successfully to submit computes request
{
  "code": 200,
  "msg": "success"
}
Request-793: Successfully to submit computes request
{
  "code": 200,
  "msg": "success"
}
Request-746: Successfully to submit computes request
{
  "code": 200,
  "msg": "success"
}
Request-759: Successfully to submit computes request
{
  "code": 200,
  "msg": "success"
}
Request-337: Successfully to submit computes request
{
  "code": 200,
  "msg": "success"
}
Request-594: Successfully to submit computes request
{
  "code": 200,
  "msg": "success"
}
Request-617: Successfully to submit computes request
{
  "code": 200,
  "msg": "success"
}
Request-790: Successfully to submit computes request
{
  "code": 200,
  "msg": "success"
}
Request-635: Successfully to submit computes request
{
  "code": 200,
  "msg": "success"
}
Request-524: Successfully to submit computes request
{
  "code": 200,
  "msg": "success"
}
Request-574: Successfully to submit computes request
{
  "code": 200,
  "msg": "success"
}
Request-234: Successfully to submit computes request
{
  "code": 200,
  "msg": "success"
}
Request-409: Successfully to submit computes request
{
  "code": 200,
  "msg": "success"
}
Request-167: Successfully to submit computes request
{
  "code": 200,
  "msg": "success"
}
Request-348: Successfully to submit computes request
{
  "code": 200,
  "msg": "success"
}
Request-462: Successfully to submit computes request
{
  "code": 200,
  "msg": "success"
}
Request-237: Successfully to submit computes request
{
  "code": 200,
  "msg": "success"
}
Request-792: Successfully to submit computes request
{
  "code": 200,
  "msg": "success"
}
Request-776: Successfully to submit computes request
{
  "code": 200,
  "msg": "success"
}
Request-463: Successfully to submit computes request
{
  "code": 200,
  "msg": "success"
}
Request-578: Successfully to submit computes request
{
  "code": 200,
  "msg": "success"
}
Request-754: Successfully to submit computes request
{
  "code": 200,
  "msg": "success"
}
Request-496: Successfully to submit computes request
{
  "code": 200,
  "msg": "success"
}
Request-540: Successfully to submit computes request
{
  "code": 200,
  "msg": "success"
}
Request-643: Successfully to submit computes request
{
  "code": 200,
  "msg": "success"
}
Request-134: Successfully to submit computes request
{
  "code": 200,
  "msg": "success"
}
Request-343: Successfully to submit computes request
{
  "code": 200,
  "msg": "success"
}
Request-182: Successfully to submit computes request
{
  "code": 200,
  "msg": "success"
}
Request-479: Successfully to submit computes request
{
  "code": 200,
  "msg": "success"
}
Request-226: Successfully to submit computes request
{
  "code": 200,
  "msg": "success"
}
Request-171: Successfully to submit computes request
{
  "code": 200,
  "msg": "success"
}
Request-175: Successfully to submit computes request
{
  "code": 200,
  "msg": "success"
}
Request-352: Successfully to submit computes request
{
  "code": 200,
  "msg": "success"
}
Request-310: Successfully to submit computes request
{
  "code": 200,
  "msg": "success"
}
Request-147: Successfully to submit computes request
{
  "code": 200,
  "msg": "success"
}
Request-145: Successfully to submit computes request
{
  "code": 200,
  "msg": "success"
}
Request-161: Successfully to submit computes request
{
  "code": 200,
  "msg": "success"
}
Request-166: Successfully to submit computes request
{
  "code": 200,
  "msg": "success"
}
Request-148: Successfully to submit computes request
{
  "code": 200,
  "msg": "success"
}
Request-707: Successfully to submit computes request
 {
  "code": 200,
  "msg": "success"
}{
  "code": 200,
  "msg": "success"
}

Request-156: Successfully to submit computes request
{
  "code": 200,
  "msg": "success"
}
 {
  "code": 200,
  "msg": "success"
}Request-157: Successfully to submit computes request
Request-163: Successfully to submit computes request
 {
  "code": 200,
  "msg": "success"
}
Request-155: Successfully to submit computes request
{
  "code": 200,
  "msg": "success"
}
 {
  "code": 200,
  "msg": "success"
}Request-160: Successfully to submit computes request
 {
  "code": 200,
  "msg": "success"
}
Request-165: Successfully to submit computes request
{
  "code": 200,
  "msg": "success"
}

Request-162: Successfully to submit computes request

Request-159: Successfully to submit computes request
{
  "code": 200,
  "msg": "success"
}
Request-149: Successfully to submit computes request
Request-153: Successfully to submit computes request
{
  "code": 200,
  "msg": "success"
}
Request-154: Successfully to submit computes request
{
  "code": 200,
  "msg": "success"
}
Request-151: Successfully to submit computes request
{
  "code": 200,
  "msg": "success"
}
Request-184: Successfully to submit computes request
{
  "code": 200,
  "msg": "success"
}
 {
  "code": 200,
  "msg": "success"
}Request-190: Successfully to submit computes request

Request-142: Successfully to submit computes request
{
  "code": 200,
  "msg": "success"
}
Request-301: Successfully to submit computes request
{
  "code": 200,
  "msg": "success"
}
Request-196: Successfully to submit computes request
{
  "code": 200,
  "msg": "success"
}
Request-206: Successfully to submit computes request
{
  "code": 200,
  "msg": "success"
}
Request-201: Successfully to submit computes request
{
  "code": 200,
  "msg": "success"
}
Request-217: Successfully to submit computes request
{
  "code": 200,
  "msg": "success"
}
Request-221: Successfully to submit computes request
{
  "code": 200,
  "msg": "success"
}
Request-244: Successfully to submit computes request
{
  "code": 200,
  "msg": "success"
}
Request-246: Successfully to submit computes request
{
  "code": 200,
  "msg": "success"
}
Request-242: Successfully to submit computes request
{
  "code": 200,
  "msg": "success"
}
Request-241: Successfully to submit computes request
{
  "code": 200,
  "msg": "success"
}
Request-274: Successfully to submit computes request
{
  "code": 200,
  "msg": "success"
}
Request-273: Successfully to submit computes request
{
  "code": 200,
  "msg": "success"
}
Request-277: Successfully to submit computes request
{
  "code": 200,
  "msg": "success"
}
Request-280: Successfully to submit computes request
{
  "code": 200,
  "msg": "success"
}
Request-283: Successfully to submit computes request
{
  "code": 200,
  "msg": "success"
}
Request-292: Successfully to submit computes request
{
  "code": 200,
  "msg": "success"
}
Request-296: Successfully to submit computes request
{
  "code": 200,
  "msg": "success"
}
Request-300: Successfully to submit computes request
{
  "code": 200,
  "msg": "success"
}
Request-307: Successfully to submit computes request
{
  "code": 200,
  "msg": "success"
}
Request-135: Successfully to submit computes request
{
  "code": 200,
  "msg": "success"
}
Request-322: Successfully to submit computes request
{
  "code": 200,
  "msg": "success"
}
Request-321: Successfully to submit computes request
{
  "code": 200,
  "msg": "success"
}
Request-487: Successfully to submit computes request
{
  "code": 200,
  "msg": "success"
}
Request-323: Successfully to submit computes request
{
  "code": 200,
  "msg": "success"
}
Request-326: Successfully to submit computes request
{
  "code": 200,
  "msg": "success"
}
 {
  "code": 200,
  "msg": "success"
}Request-340: Successfully to submit computes request

Request-174: Successfully to submit computes request
{
  "code": 200,
  "msg": "success"
}
Request-141: Successfully to submit computes request
{
  "code": 200,
  "msg": "success"
}
Request-168: Successfully to submit computes request
{
  "code": 200,
  "msg": "success"
}
Request-349: Successfully to submit computes request
{
  "code": 200,
  "msg": "success"
}
Request-342: Successfully to submit computes request
{
  "code": 200,
  "msg": "success"
}
Request-493: Successfully to submit computes request
{
  "code": 200,
  "msg": "success"
}
Request-189: Successfully to submit computes request
{
  "code": 200,
  "msg": "success"
}
Request-223: Successfully to submit computes request
{
  "code": 200,
  "msg": "success"
}
Request-194: Successfully to submit computes request
{
  "code": 200,
  "msg": "success"
}
Request-353: Successfully to submit computes request
{
  "code": 200,
  "msg": "success"
}
Request-209: Successfully to submit computes request
{
  "code": 200,
  "msg": "success"
}
Request-213: Successfully to submit computes request
{
  "code": 200,
  "msg": "success"
}
Request-214: Successfully to submit computes request
{
  "code": 200,
  "msg": "success"
}
Request-218: Successfully to submit computes request
{
  "code": 200,
  "msg": "success"
}
Request-389: Successfully to submit computes request
{
  "code": 200,
  "msg": "success"
}
Request-387: Successfully to submit computes request
{
  "code": 200,
  "msg": "success"
}
Request-229: Successfully to submit computes request
{
  "code": 200,
  "msg": "success"
}
Request-397: Successfully to submit computes request
{
  "code": 200,
  "msg": "success"
}
Request-230: Successfully to submit computes request
{
  "code": 200,
  "msg": "success"
}
Request-239: Successfully to submit computes request
{
  "code": 200,
  "msg": "success"
}
Request-420: Successfully to submit computes request
{
  "code": 200,
  "msg": "success"
}
Request-407: Successfully to submit computes request
{
  "code": 200,
  "msg": "success"
}
Request-245: Successfully to submit computes request
{
  "code": 200,
  "msg": "success"
}
Request-418: Successfully to submit computes request
{
  "code": 200,
  "msg": "success"
}
Request-253: Successfully to submit computes request
{
  "code": 200,
  "msg": "success"
}
Request-422: Successfully to submit computes request
{
  "code": 200,
  "msg": "success"
}
Request-423: Successfully to submit computes request
{
  "code": 200,
  "msg": "success"
}
Request-243: Successfully to submit computes request
{
  "code": 200,
  "msg": "success"
}
Request-441: Successfully to submit computes request
{
  "code": 200,
  "msg": "success"
}
Request-279: Successfully to submit computes request
{
  "code": 200,
  "msg": "success"
}
Request-437: Successfully to submit computes request
{
  "code": 200,
  "msg": "success"
}
Request-254: Successfully to submit computes request
{
  "code": 200,
  "msg": "success"
}
Request-452: Successfully to submit computes request
{
  "code": 200,
  "msg": "success"
}
Request-469: Successfully to submit computes request
{
  "code": 200,
  "msg": "success"
}
Request-299: Successfully to submit computes request
{
  "code": 200,
  "msg": "success"
}
Request-471: Successfully to submit computes request
{
  "code": 200,
  "msg": "success"
}
Request-317: Successfully to submit computes request
{
  "code": 200,
  "msg": "success"
}
Request-320: Successfully to submit computes request
{
  "code": 200,
  "msg": "success"
}
Request-486: Successfully to submit computes request
{
  "code": 200,
  "msg": "success"
}
Request-293: Successfully to submit computes request
{
  "code": 200,
  "msg": "success"
}
Request-327: Successfully to submit computes request
{
  "code": 200,
  "msg": "success"
}
Request-173: Successfully to submit computes request
{
  "code": 200,
  "msg": "success"
}
Request-497: Successfully to submit computes request
{
  "code": 200,
  "msg": "success"
}
Request-338: Successfully to submit computes request
{
  "code": 200,
  "msg": "success"
}
Request-341: Successfully to submit computes request
{
  "code": 200,
  "msg": "success"
}
Request-350: Successfully to submit computes request
{
  "code": 200,
  "msg": "success"
}
Request-346: Successfully to submit computes request
{
  "code": 200,
  "msg": "success"
}
Request-484: Successfully to submit computes request
{
  "code": 200,
  "msg": "success"
}
Request-520: Successfully to submit computes request
{
  "code": 200,
  "msg": "success"
}
Request-515: Successfully to submit computes request
{
  "code": 200,
  "msg": "success"
}
Request-527: Successfully to submit computes request
{
  "code": 200,
  "msg": "success"
}
Request-528: Successfully to submit computes request
{
  "code": 200,
  "msg": "success"
}
Request-363: Successfully to submit computes request
{
  "code": 200,
  "msg": "success"
}
Request-362: Successfully to submit computes request
{
  "code": 200,
  "msg": "success"
}
Request-373: Successfully to submit computes request
{
  "code": 200,
  "msg": "success"
}
Request-359: Successfully to submit computes request
{
  "code": 200,
  "msg": "success"
}
Request-371: Successfully to submit computes request
{
  "code": 200,
  "msg": "success"
}
Request-181: Successfully to submit computes request
{
  "code": 200,
  "msg": "success"
}
Request-382: Successfully to submit computes request
{
  "code": 200,
  "msg": "success"
}
Request-400: Successfully to submit computes request
{
  "code": 200,
  "msg": "success"
}
Request-233: Successfully to submit computes request
{
  "code": 200,
  "msg": "success"
}
Request-236: Successfully to submit computes request
{
  "code": 200,
  "msg": "success"
}
Request-231: Successfully to submit computes request
{
  "code": 200,
  "msg": "success"
}
Request-534: Successfully to submit computes request
{
  "code": 200,
  "msg": "success"
}
Request-394: Successfully to submit computes request
{
  "code": 200,
  "msg": "success"
}
Request-426: Successfully to submit computes request
{
  "code": 200,
  "msg": "success"
}
Request-257: Successfully to submit computes request
{
  "code": 200,
  "msg": "success"
}
Request-408: Successfully to submit computes request
{
  "code": 200,
  "msg": "success"
}
Request-434: Successfully to submit computes request
{
  "code": 200,
  "msg": "success"
}
Request-572: Successfully to submit computes request
{
  "code": 200,
  "msg": "success"
}
Request-271: Successfully to submit computes request
{
  "code": 200,
  "msg": "success"
}
Request-276: Successfully to submit computes request
{
  "code": 200,
  "msg": "success"
}
Request-543: Successfully to submit computes request
{
  "code": 200,
  "msg": "success"
}
Request-584: Successfully to submit computes request
{
  "code": 200,
  "msg": "success"
}
Request-581: Successfully to submit computes request
{
  "code": 200,
  "msg": "success"
}
Request-588: Successfully to submit computes request
{
  "code": 200,
  "msg": "success"
}
 {
  "code": 200,
  "msg": "success"
}
Request-285: Successfully to submit computes request
Request-459: Successfully to submit computes request
{
  "code": 200,
  "msg": "success"
}
Request-587: Successfully to submit computes request
{
  "code": 200,
  "msg": "success"
}
Request-302: Successfully to submit computes request
{
  "code": 200,
  "msg": "success"
}
Request-603: Successfully to submit computes request
{
  "code": 200,
  "msg": "success"
}
Request-481: Successfully to submit computes request
{
  "code": 200,
  "msg": "success"
}
Request-602: Successfully to submit computes request
{
  "code": 200,
  "msg": "success"
}
Request-476: Successfully to submit computes request
{
  "code": 200,
  "msg": "success"
}
Request-139: Successfully to submit computes request
{
  "code": 200,
  "msg": "success"
}
Request-329: Successfully to submit computes request
{
  "code": 200,
  "msg": "success"
}
Request-623: Successfully to submit computes request
{
  "code": 200,
  "msg": "success"
}
Request-633: Successfully to submit computes request
{
  "code": 200,
  "msg": "success"
}
Request-256: Successfully to submit computes request
{
  "code": 200,
  "msg": "success"
}
Request-251: Successfully to submit computes request
{
  "code": 200,
  "msg": "success"
}
Request-258: Successfully to submit computes request
{
  "code": 200,
  "msg": "success"
}
 {
  "code": 200,
  "msg": "success"
}
Request-512: Successfully to submit computes request
Request-510: Successfully to submit computes request
{
  "code": 200,
  "msg": "success"
}
Request-178: Successfully to submit computes request
{
  "code": 200,
  "msg": "success"
}
Request-663: Successfully to submit computes request
{
  "code": 200,
  "msg": "success"
}
Request-660: Successfully to submit computes request
{
  "code": 200,
  "msg": "success"
}
Request-368: Successfully to submit computes request
{
  "code": 200,
  "msg": "success"
}
Request-215: Successfully to submit computes request
{
  "code": 200,
  "msg": "success"
}
Request-398: Successfully to submit computes request
{
  "code": 200,
  "msg": "success"
}
Request-532: Successfully to submit computes request
{
  "code": 200,
  "msg": "success"
}
Request-385: Successfully to submit computes request
{
  "code": 200,
  "msg": "success"
}
Request-538: Successfully to submit computes request
{
  "code": 200,
  "msg": "success"
}
Request-392: Successfully to submit computes request
{
  "code": 200,
  "msg": "success"
}
Request-344: Successfully to submit computes request
{
  "code": 200,
  "msg": "success"
}
Request-718: Successfully to submit computes request
{
  "code": 200,
  "msg": "success"
}
Request-716: Successfully to submit computes request
{
  "code": 200,
  "msg": "success"
}
Request-724: Successfully to submit computes request
{
  "code": 200,
  "msg": "success"
}
Request-435: Successfully to submit computes request
{
  "code": 200,
  "msg": "success"
}
Request-425: Successfully to submit computes request
{
  "code": 200,
  "msg": "success"
}
Request-558: Successfully to submit computes request
{
  "code": 200,
  "msg": "success"
}
 {
  "code": 200,
  "msg": "success"
}
Request-238: Successfully to submit computes request
Request-263: Successfully to submit computes request
{
  "code": 200,
  "msg": "success"
}
Request-577: Successfully to submit computes request
{
  "code": 200,
  "msg": "success"
}
Request-576: Successfully to submit computes request
{
  "code": 200,
  "msg": "success"
}
Request-583: Successfully to submit computes request
{
  "code": 200,
  "msg": "success"
}
Request-284: Successfully to submit computes request
{
  "code": 200,
  "msg": "success"
}
Request-356: Successfully to submit computes request
{
  "code": 200,
  "msg": "success"
}
Request-460: Successfully to submit computes request
{
  "code": 200,
  "msg": "success"
}
Request-593: Successfully to submit computes request
{
  "code": 200,
  "msg": "success"
}
Request-391: Successfully to submit computes request
{
  "code": 200,
  "msg": "success"
}
Request-591: Successfully to submit computes request
{
  "code": 200,
  "msg": "success"
}
Request-598: Successfully to submit computes request
{
  "code": 200,
  "msg": "success"
}
Request-445: Successfully to submit computes request
{
  "code": 200,
  "msg": "success"
}
Request-769: Successfully to submit computes request
{
  "code": 200,
  "msg": "success"
}
Request-770: Successfully to submit computes request
{
  "code": 200,
  "msg": "success"
}
Request-612: Successfully to submit computes request
{
  "code": 200,
  "msg": "success"
}
Request-410: Successfully to submit computes request
{
  "code": 200,
  "msg": "success"
}
Request-616: Successfully to submit computes request
{
  "code": 200,
  "msg": "success"
}
Request-137: Successfully to submit computes request
{
  "code": 200,
  "msg": "success"
}
Request-499: Successfully to submit computes request
{
  "code": 200,
  "msg": "success"
}
Request-800: Successfully to submit computes request
{
  "code": 200,
  "msg": "success"
}
Request-503: Successfully to submit computes request
{
  "code": 200,
  "msg": "success"
}
Request-648: Successfully to submit computes request
{
  "code": 200,
  "msg": "success"
}
Request-483: Successfully to submit computes request
{
  "code": 200,
  "msg": "success"
}
Request-686: Successfully to submit computes request
{
  "code": 200,
  "msg": "success"
}
Request-678: Successfully to submit computes request
{
  "code": 200,
  "msg": "success"
}
Request-535: Successfully to submit computes request
{
  "code": 200,
  "msg": "success"
}
Request-395: Successfully to submit computes request
{
  "code": 200,
  "msg": "success"
}
Request-539: Successfully to submit computes request
{
  "code": 200,
  "msg": "success"
}
Request-722: Successfully to submit computes request
{
  "code": 200,
  "msg": "success"
}
Request-547: Successfully to submit computes request
{
  "code": 200,
  "msg": "success"
}
Request-232: Successfully to submit computes request
{
  "code": 200,
  "msg": "success"
}
Request-573: Successfully to submit computes request
{
  "code": 200,
  "msg": "success"
}
Request-439: Successfully to submit computes request
{
  "code": 200,
  "msg": "success"
}
Request-468: Successfully to submit computes request
{
  "code": 200,
  "msg": "success"
}
Request-601: Successfully to submit computes request
{
  "code": 200,
  "msg": "success"
}
Request-767: Successfully to submit computes request
{
  "code": 200,
  "msg": "success"
}
Request-608: Successfully to submit computes request
{
  "code": 200,
  "msg": "success"
}
Request-605: Successfully to submit computes request
{
  "code": 200,
  "msg": "success"
}
Request-195: Successfully to submit computes request
{
  "code": 200,
  "msg": "success"
}
Request-136: Successfully to submit computes request
{
  "code": 200,
  "msg": "success"
}
Request-582: Successfully to submit computes request
{
  "code": 200,
  "msg": "success"
}
Request-586: Successfully to submit computes request
{
  "code": 200,
  "msg": "success"
}
Request-797: Successfully to submit computes request
{
  "code": 200,
  "msg": "success"
}
Request-569: Successfully to submit computes request
{
  "code": 200,
  "msg": "success"
}
Request-554: Successfully to submit computes request
 {
  "code": 200,
  "msg": "success"
}
Request-568: Successfully to submit computes request
{
  "code": 200,
  "msg": "success"
}
Request-567: Successfully to submit computes request
{
  "code": 200,
  "msg": "success"
}
Request-185: Successfully to submit computes request
{
  "code": 200,
  "msg": "success"
}
Request-220: Successfully to submit computes request
{
  "code": 200,
  "msg": "success"
}
Request-523: Successfully to submit computes request
{
  "code": 200,
  "msg": "success"
}
Request-264: Successfully to submit computes request
{
  "code": 200,
  "msg": "success"
}
Request-262: Successfully to submit computes request
{
  "code": 200,
  "msg": "success"
}
Request-255: Successfully to submit computes request
{
  "code": 200,
  "msg": "success"
}
Request-249: Successfully to submit computes request
{
  "code": 200,
  "msg": "success"
}
Request-286: Successfully to submit computes request
{
  "code": 200,
  "msg": "success"
}
Request-743: Successfully to submit computes request
{
  "code": 200,
  "msg": "success"
}
Request-447: Successfully to submit computes request
 {
  "code": 200,
  "msg": "success"
}
Request-751: Successfully to submit computes request
{
  "code": 200,
  "msg": "success"
}
Request-304: Successfully to submit computes request
{
  "code": 200,
  "msg": "success"
}
Request-753: Successfully to submit computes request
{
  "code": 200,
  "msg": "success"
}
Request-298: Successfully to submit computes request
{
  "code": 200,
  "msg": "success"
}
Request-333: Successfully to submit computes request
{
  "code": 200,
  "msg": "success"
}
Request-132: Successfully to submit computes request
{
  "code": 200,
  "msg": "success"
}
Request-492: Successfully to submit computes request
{
  "code": 200,
  "msg": "success"
}
Request-332: Successfully to submit computes request
{
  "code": 200,
  "msg": "success"
}
Request-144: Successfully to submit computes request
{
  "code": 200,
  "msg": "success"
}
Request-566: Successfully to submit computes request
{
  "code": 200,
  "msg": "success"
}
Request-741: Successfully to submit computes request
{
  "code": 200,
  "msg": "success"
}
Request-649: Successfully to submit computes request
{
  "code": 200,
  "msg": "success"
}
Request-560: Successfully to submit computes request
{
  "code": 200,
  "msg": "success"
}
Request-652: Successfully to submit computes request
{
  "code": 200,
  "msg": "success"
}
Request-595: Successfully to submit computes request
{
  "code": 200,
  "msg": "success"
}
Request-596: Successfully to submit computes request
{
  "code": 200,
  "msg": "success"
}
Request-668: Successfully to submit computes request
{
  "code": 200,
  "msg": "success"
}
 {
  "code": 200,
  "msg": "success"
}
Request-749: Successfully to submit computes request
Request-150: Successfully to submit computes request
{
  "code": 200,
  "msg": "success"
}
Request-324: Successfully to submit computes request
{
  "code": 200,
  "msg": "success"
}
Request-495: Successfully to submit computes request
{
  "code": 200,
  "msg": "success"
}
Request-208: Successfully to submit computes request
{
  "code": 200,
  "msg": "success"
}
Request-402: Successfully to submit computes request
{
  "code": 200,
  "msg": "success"
}
Request-625: Successfully to submit computes request
{
  "code": 200,
  "msg": "success"
}
Request-798: Successfully to submit computes request
{
  "code": 200,
  "msg": "success"
}
Request-240: Successfully to submit computes request
{
  "code": 200,
  "msg": "success"
}
Request-711: Successfully to submit computes request
{
  "code": 200,
  "msg": "success"
}
Request-630: Successfully to submit computes request
{
  "code": 200,
  "msg": "success"
}
Request-308: Successfully to submit computes request
{
  "code": 200,
  "msg": "success"
}
Request-794: Successfully to submit computes request
{
  "code": 200,
  "msg": "success"
}
Request-354: Successfully to submit computes request
{
  "code": 200,
  "msg": "success"
}
Request-158: Successfully to submit computes request
{
  "code": 200,
  "msg": "success"
}
Request-227: Successfully to submit computes request
{
  "code": 200,
  "msg": "success"
}
Request-336: Successfully to submit computes request
{
  "code": 200,
  "msg": "success"
}
Request-203: Successfully to submit computes request
{
  "code": 200,
  "msg": "success"
}
Request-414: Successfully to submit computes request
{
  "code": 200,
  "msg": "success"
}
Request-306: Successfully to submit computes request
{
  "code": 200,
  "msg": "success"
}
Request-455: Successfully to submit computes request
{
  "code": 200,
  "msg": "success"
}
Request-762: Successfully to submit computes request
{
  "code": 200,
  "msg": "success"
}
Request-311: Successfully to submit computes request
{
  "code": 200,
  "msg": "success"
}
Request-133: Successfully to submit computes request
{
  "code": 200,
  "msg": "success"
}
Request-357: Successfully to submit computes request
{
  "code": 200,
  "msg": "success"
}
Request-688: Successfully to submit computes request
{
  "code": 2000,
  "msg": "Exception (403) Reason: \"no access to this vhost\""
}
Request-665: Failed to submit computes request: {u'msg': u'Exception (403) Reason: "no access to this vhost"', u'code': 2000}
{
  "code": 2000,
  "msg": "Exception (403) Reason: \"username or password not allowed\""
}
Request-224: Failed to submit computes request: {u'msg': u'Exception (403) Reason: "username or password not allowed"', u'code': 2000}
{
  "code": 200,
  "msg": "success"
}
Request-666: Successfully to submit computes request
