{
  "code": 200,
  "msg": "success"
}
 {
  "code": 200,
  "msg": "success"
}
Request-4: Successfully to submit computes request
Request-1: Successfully to submit computes request
{
  "code": 200,
  "msg": "success"
}
 {
  "code": 200,
  "msg": "success"
}{
  "code": 200,
  "msg": "success"
}
Request-7: Successfully to submit computes request

Request-2: Successfully to submit computes request
{
  "code": 200,
  "msg": "success"
}
Request-6: Successfully to submit computes request
Request-11: Successfully to submit computes request
 {
  "code": 200,
  "msg": "success"
}{
  "code": 200,
  "msg": "success"
}
Request-3: Successfully to submit computes request

Request-9: Successfully to submit computes request
{
  "code": 200,
  "msg": "success"
}
Request-5: Successfully to submit computes request
 {
  "code": 200,
  "msg": "success"
}{
  "code": 200,
  "msg": "success"
}
Request-10: Successfully to submit computes request

Request-8: Successfully to submit computes request
{
  "code": 200,
  "msg": "success"
}
Request-13: Successfully to submit computes request
{
  "code": 200,
  "msg": "success"
}
Request-14: Successfully to submit computes request
{
  "code": 200,
  "msg": "success"
}
Request-15: Successfully to submit computes request
{
  "code": 200,
  "msg": "success"
}
Request-12: Successfully to submit computes request
{
  "code": 200,
  "msg": "success"
}
Request-18: Successfully to submit computes request
 {
  "code": 200,
  "msg": "success"
}
 {
  "code": 200,
  "msg": "success"
}{
  "code": 200,
  "msg": "success"
}
Request-16: Successfully to submit computes request
 {
  "code": 200,
  "msg": "success"
}
Request-19: Successfully to submit computes request
Request-20: Successfully to submit computes request

Request-24: Successfully to submit computes request
{
  "code": 200,
  "msg": "success"
}
Request-17: Successfully to submit computes request
{
  "code": 200,
  "msg": "success"
}
Request-21: Successfully to submit computes request
 {
  "code": 200,
  "msg": "success"
}
Request-23: Successfully to submit computes request
{
  "code": 200,
  "msg": "success"
}
Request-22: Successfully to submit computes request
{
  "code": 200,
  "msg": "success"
}
Request-26: Successfully to submit computes request
{
  "code": 200,
  "msg": "success"
}
Request-25: Successfully to submit computes request
{
  "code": 200,
  "msg": "success"
}
Request-32: Successfully to submit computes request
{
  "code": 200,
  "msg": "success"
}
 {
  "code": 200,
  "msg": "success"
}{
  "code": 200,
  "msg": "success"
}

Request-42: Successfully to submit computes request
Request-38: Successfully to submit computes request
 Request-30: Successfully to submit computes request
{
  "code": 200,
  "msg": "success"
}
 {
  "code": 200,
  "msg": "success"
}{
  "code": 200,
  "msg": "success"
}
 {
  "code": 200,
  "msg": "success"
}{
  "code": 200,
  "msg": "success"
}
Request-39: Successfully to submit computes request{
  "code": 200,
  "msg": "success"
}
 {
  "code": 200,
  "msg": "success"
}Request-37: Successfully to submit computes request

Request-34: Successfully to submit computes request


Request-36: Successfully to submit computes request{
  "code": 200,
  "msg": "success"
}
Request-43: Successfully to submit computes request
 {
  "code": 200,
  "msg": "success"
}
Request-41: Successfully to submit computes request
 {
  "code": 200,
  "msg": "success"
}Request-28: Successfully to submit computes request
{
  "code": 200,
  "msg": "success"
}
Request-27: Successfully to submit computes request

Request-40: Successfully to submit computes request
 {
  "code": 200,
  "msg": "success"
}

Request-33: Successfully to submit computes request
{
  "code": 200,
  "msg": "success"
}
Request-35: Successfully to submit computes request
Request-49: Successfully to submit computes request

Request-29: Successfully to submit computes request
 {
  "code": 200,
  "msg": "success"
}
Request-31: Successfully to submit computes request
{
  "code": 200,
  "msg": "success"
}
Request-46: Successfully to submit computes request
 {
  "code": 200,
  "msg": "success"
}
Request-45: Successfully to submit computes request
{
  "code": 200,
  "msg": "success"
}
Request-44: Successfully to submit computes request
{
  "code": 200,
  "msg": "success"
}
Request-48: Successfully to submit computes request
{
  "code": 200,
  "msg": "success"
}
Request-50: Successfully to submit computes request
{
  "code": 200,
  "msg": "success"
}
Request-47: Successfully to submit computes request
{
  "code": 200,
  "msg": "success"
}
Request-51: Successfully to submit computes request
{
  "code": 200,
  "msg": "success"
}
Request-54: Successfully to submit computes request
{
  "code": 200,
  "msg": "success"
}
 {
  "code": 200,
  "msg": "success"
}
Request-52: Successfully to submit computes request
Request-53: Successfully to submit computes request
{
  "code": 200,
  "msg": "success"
}
Request-55: Successfully to submit computes request
{
  "code": 200,
  "msg": "success"
}
Request-58: Successfully to submit computes request
{
  "code": 200,
  "msg": "success"
}
Request-56: Successfully to submit computes request
{
  "code": 200,
  "msg": "success"
}
 Request-57: Successfully to submit computes request
{
  "code": 200,
  "msg": "success"
}
Request-59: Successfully to submit computes request
{
  "code": 200,
  "msg": "success"
}
Request-62: Successfully to submit computes request
{
  "code": 200,
  "msg": "success"
}
 {
  "code": 200,
  "msg": "success"
}Request-61: Successfully to submit computes request

Request-64: Successfully to submit computes request
{
  "code": 200,
  "msg": "success"
}
Request-63: Successfully to submit computes request
{
  "code": 200,
  "msg": "success"
}
 {
  "code": 200,
  "msg": "success"
}
Request-60: Successfully to submit computes request
Request-65: Successfully to submit computes request
{
  "code": 200,
  "msg": "success"
}
Request-66: Successfully to submit computes request
{
  "code": 200,
  "msg": "success"
}
Request-70: Successfully to submit computes request
{
  "code": 200,
  "msg": "success"
}
 {
  "code": 200,
  "msg": "success"
}
Request-76: Successfully to submit computes request
Request-67: Successfully to submit computes request{
  "code": 200,
  "msg": "success"
}

{
  "code": 200,
  "msg": "success"
}
 {
  "code": 200,
  "msg": "success"
}Request-74: Successfully to submit computes request

Request-68: Successfully to submit computes request
Request-69: Successfully to submit computes request
{
  "code": 200,
  "msg": "success"
}
Request-75: Successfully to submit computes request
{
  "code": 200,
  "msg": "success"
}
Request-72: Successfully to submit computes request
{
  "code": 200,
  "msg": "success"
}
 {
  "code": 200,
  "msg": "success"
}
Request-73: Successfully to submit computes request
Request-71: Successfully to submit computes request
{
  "code": 200,
  "msg": "success"
}
 {
  "code": 200,
  "msg": "success"
}{
  "code": 200,
  "msg": "success"
}

Request-82: Successfully to submit computes request
Request-81: Successfully to submit computes request
Request-80: Successfully to submit computes request
{
  "code": 200,
  "msg": "success"
}
Request-83: Successfully to submit computes request
{
  "code": 200,
  "msg": "success"
}
Request-77: Successfully to submit computes request
{
  "code": 200,
  "msg": "success"
}
Request-89: Successfully to submit computes request
{
  "code": 200,
  "msg": "success"
}
Request-78: Successfully to submit computes request
{
  "code": 200,
  "msg": "success"
}
Request-93: Successfully to submit computes request
{
  "code": 200,
  "msg": "success"
}
 {
  "code": 200,
  "msg": "success"
}
Request-84: Successfully to submit computes request
{
  "code": 200,
  "msg": "success"
}
 {
  "code": 200,
  "msg": "success"
}
Request-88: Successfully to submit computes request
Request-86: Successfully to submit computes request
Request-90: Successfully to submit computes request
{
  "code": 200,
  "msg": "success"
}
{
  "code": 200,
  "msg": "success"
}
{
  "code": 200,
  "msg": "success"
}
Request-91: Successfully to submit computes request
Request-100: Successfully to submit computes request
 {
  "code": 200,
  "msg": "success"
}{
  "code": 200,
  "msg": "success"
}
Request-79: Successfully to submit computes request
Request-85: Successfully to submit computes request
 {
  "code": 200,
  "msg": "success"
}
Request-92: Successfully to submit computes request

Request-96: Successfully to submit computes request
{
  "code": 200,
  "msg": "success"
}
Request-87: Successfully to submit computes request
{
  "code": 200,
  "msg": "success"
}
Request-94: Successfully to submit computes request
{
  "code": 200,
  "msg": "success"
}
Request-95: Successfully to submit computes request
{
  "code": 200,
  "msg": "success"
}
Request-101: Successfully to submit computes request
{
  "code": 200,
  "msg": "success"
}
 {
  "code": 200,
  "msg": "success"
}
Request-99: Successfully to submit computes request
Request-98: Successfully to submit computes request
{
  "code": 200,
  "msg": "success"
}
Request-102: Successfully to submit computes request
{
  "code": 200,
  "msg": "success"
}
 {
  "code": 200,
  "msg": "success"
}Request-105: Successfully to submit computes request

Request-97: Successfully to submit computes request
{
  "code": 200,
  "msg": "success"
}
Request-110: Successfully to submit computes request
{
  "code": 200,
  "msg": "success"
}
Request-104: Successfully to submit computes request
 {
  "code": 200,
  "msg": "success"
}
Request-103: Successfully to submit computes request
{
  "code": 200,
  "msg": "success"
}
 {
  "code": 200,
  "msg": "success"
}
Request-106: Successfully to submit computes request
Request-109: Successfully to submit computes request
 {
  "code": 200,
  "msg": "success"
}
Request-107: Successfully to submit computes request
 {
  "code": 200,
  "msg": "success"
}
Request-108: Successfully to submit computes request
{
  "code": 200,
  "msg": "success"
}
Request-111: Successfully to submit computes request
{
  "code": 200,
  "msg": "success"
}
 {
  "code": 200,
  "msg": "success"
}Request-115: Successfully to submit computes request

Request-113: Successfully to submit computes request
{
  "code": 200,
  "msg": "success"
}
Request-112: Successfully to submit computes request
{
  "code": 200,
  "msg": "success"
}
Request-114: Successfully to submit computes request
{
  "code": 200,
  "msg": "success"
}
Request-119: Successfully to submit computes request
 {
  "code": 200,
  "msg": "success"
}{
  "code": 200,
  "msg": "success"
}

Request-116: Successfully to submit computes request
Request-118: Successfully to submit computes request
{
  "code": 200,
  "msg": "success"
}
{
  "code": 200,
  "msg": "success"
}
Request-120: Successfully to submit computes request
Request-117: Successfully to submit computes request
 {
  "code": 200,
  "msg": "success"
}
Request-125: Successfully to submit computes request
{
  "code": 200,
  "msg": "success"
}
Request-124: Successfully to submit computes request
{
  "code": 200,
  "msg": "success"
}
Request-123: Successfully to submit computes request
{
  "code": 200,
  "msg": "success"
}
Request-121: Successfully to submit computes request
{
  "code": 200,
  "msg": "success"
}
Request-129: Successfully to submit computes request
{
  "code": 200,
  "msg": "success"
}
 {
  "code": 200,
  "msg": "success"
}Request-128: Successfully to submit computes request
{
  "code": 200,
  "msg": "success"
}

Request-127: Successfully to submit computes request
{
  "code": 200,
  "msg": "success"
}
Request-126: Successfully to submit computes request
 {
  "code": 200,
  "msg": "success"
}
{
  "code": 200,
  "msg": "success"
}
Request-122: Successfully to submit computes request
 {
  "code": 200,
  "msg": "success"
}
Request-130: Successfully to submit computes request
Request-131: Successfully to submit computes request
Request-133: Successfully to submit computes request
{
  "code": 200,
  "msg": "success"
}
Request-132: Successfully to submit computes request
{
  "code": 200,
  "msg": "success"
}
Request-134: Successfully to submit computes request
 {
  "code": 200,
  "msg": "success"
}{
  "code": 200,
  "msg": "success"
}

Request-136: Successfully to submit computes request
Request-138: Successfully to submit computes request{
  "code": 200,
  "msg": "success"
}
Request-135: Successfully to submit computes request

 {
  "code": 200,
  "msg": "success"
}
Request-140: Successfully to submit computes request
{
  "code": 200,
  "msg": "success"
}
Request-137: Successfully to submit computes request
{
  "code": 200,
  "msg": "success"
}
Request-172: Successfully to submit computes request
{
  "code": 200,
  "msg": "success"
}
Request-402: Successfully to submit computes request
{
  "code": 200,
  "msg": "success"
}
Request-278: Successfully to submit computes request
{
  "code": 200,
  "msg": "success"
}
Request-481: Successfully to submit computes request
{
  "code": 200,
  "msg": "success"
}
Request-285: Successfully to submit computes request
{
  "code": 200,
  "msg": "success"
}
Request-295: Successfully to submit computes request
{
  "code": 200,
  "msg": "success"
}
Request-148: Successfully to submit computes request
{
  "code": 200,
  "msg": "success"
}
Request-141: Successfully to submit computes request
{
  "code": 200,
  "msg": "success"
}
Request-493: Successfully to submit computes request
{
  "code": 200,
  "msg": "success"
}
Request-176: Successfully to submit computes request
{
  "code": 200,
  "msg": "success"
}
Request-194: Successfully to submit computes request
{
  "code": 200,
  "msg": "success"
}
Request-185: Successfully to submit computes request
{
  "code": 200,
  "msg": "success"
}
Request-199: Successfully to submit computes request
{
  "code": 200,
  "msg": "success"
}
Request-282: Successfully to submit computes request
{
  "code": 200,
  "msg": "success"
}
Request-389: Successfully to submit computes request
{
  "code": 200,
  "msg": "success"
}
Request-394: Successfully to submit computes request
{
  "code": 200,
  "msg": "success"
}
Request-243: Successfully to submit computes request
{
  "code": 200,
  "msg": "success"
}
Request-273: Successfully to submit computes request
{
  "code": 200,
  "msg": "success"
}
Request-173: Successfully to submit computes request
{
  "code": 200,
  "msg": "success"
}
Request-331: Successfully to submit computes request
{
  "code": 200,
  "msg": "success"
}
Request-345: Successfully to submit computes request
{
  "code": 200,
  "msg": "success"
}
Request-217: Successfully to submit computes request
{
  "code": 200,
  "msg": "success"
}
Request-245: Successfully to submit computes request
{
  "code": 200,
  "msg": "success"
}
Request-264: Successfully to submit computes request
{
  "code": 200,
  "msg": "success"
}
Request-170: Successfully to submit computes request
{
  "code": 200,
  "msg": "success"
}
Request-205: Successfully to submit computes request
{
  "code": 200,
  "msg": "success"
}
Request-347: Successfully to submit computes request
{
  "code": 200,
  "msg": "success"
}
Request-229: Successfully to submit computes request
{
  "code": 200,
  "msg": "success"
}
Request-186: Successfully to submit computes request
{
  "code": 200,
  "msg": "success"
}
Request-433: Successfully to submit computes request
{
  "code": 200,
  "msg": "success"
}
Request-381: Successfully to submit computes request
{
  "code": 200,
  "msg": "success"
}
Request-450: Successfully to submit computes request
{
  "code": 200,
  "msg": "success"
}
Request-283: Successfully to submit computes request
{
  "code": 200,
  "msg": "success"
}
Request-302: Successfully to submit computes request
{
  "code": 200,
  "msg": "success"
}
Request-491: Successfully to submit computes request
{
  "code": 200,
  "msg": "success"
}
Request-319: Successfully to submit computes request
{
  "code": 200,
  "msg": "success"
}
Request-336: Successfully to submit computes request
{
  "code": 200,
  "msg": "success"
}
Request-219: Successfully to submit computes request
{
  "code": 200,
  "msg": "success"
}
Request-366: Successfully to submit computes request
{
  "code": 200,
  "msg": "success"
}
Request-206: Successfully to submit computes request
{
  "code": 200,
  "msg": "success"
}
Request-364: Successfully to submit computes request
{
  "code": 200,
  "msg": "success"
}
Request-204: Successfully to submit computes request
{
  "code": 200,
  "msg": "success"
}
Request-383: Successfully to submit computes request
{
  "code": 200,
  "msg": "success"
}
Request-412: Successfully to submit computes request
{
  "code": 200,
  "msg": "success"
}
Request-255: Successfully to submit computes request
{
  "code": 200,
  "msg": "success"
}
Request-279: Successfully to submit computes request
{
  "code": 200,
  "msg": "success"
}
Request-391: Successfully to submit computes request
{
  "code": 200,
  "msg": "success"
}
Request-248: Successfully to submit computes request
{
  "code": 200,
  "msg": "success"
}
Request-434: Successfully to submit computes request
{
  "code": 200,
  "msg": "success"
}
Request-328: Successfully to submit computes request
{
  "code": 200,
  "msg": "success"
}
Request-182: Successfully to submit computes request
{
  "code": 200,
  "msg": "success"
}
Request-353: Successfully to submit computes request
{
  "code": 200,
  "msg": "success"
}
Request-316: Successfully to submit computes request
{
  "code": 200,
  "msg": "success"
}
Request-358: Successfully to submit computes request
{
  "code": 200,
  "msg": "success"
}
Request-215: Successfully to submit computes request
{
  "code": 200,
  "msg": "success"
}
Request-379: Successfully to submit computes request
{
  "code": 200,
  "msg": "success"
}
Request-409: Successfully to submit computes request
{
  "code": 200,
  "msg": "success"
}
Request-222: Successfully to submit computes request
{
  "code": 200,
  "msg": "success"
}
Request-392: Successfully to submit computes request
{
  "code": 200,
  "msg": "success"
}
Request-238: Successfully to submit computes request
{
  "code": 200,
  "msg": "success"
}
Request-230: Successfully to submit computes request
{
  "code": 200,
  "msg": "success"
}
Request-233: Successfully to submit computes request
{
  "code": 200,
  "msg": "success"
}
Request-431: Successfully to submit computes request
{
  "code": 200,
  "msg": "success"
}
Request-432: Successfully to submit computes request
{
  "code": 200,
  "msg": "success"
}
Request-422: Successfully to submit computes request
{
  "code": 200,
  "msg": "success"
}
Request-290: Successfully to submit computes request
{
  "code": 200,
  "msg": "success"
}
Request-298: Successfully to submit computes request
{
  "code": 200,
  "msg": "success"
}
Request-438: Successfully to submit computes request
{
  "code": 200,
  "msg": "success"
}
Request-296: Successfully to submit computes request
{
  "code": 200,
  "msg": "success"
}
Request-430: Successfully to submit computes request
{
  "code": 200,
  "msg": "success"
}
Request-350: Successfully to submit computes request
{
  "code": 200,
  "msg": "success"
}
Request-179: Successfully to submit computes request
{
  "code": 200,
  "msg": "success"
}
Request-346: Successfully to submit computes request
{
  "code": 200,
  "msg": "success"
}
Request-192: Successfully to submit computes request
{
  "code": 200,
  "msg": "success"
}
Request-454: Successfully to submit computes request
{
  "code": 200,
  "msg": "success"
}
Request-356: Successfully to submit computes request
{
  "code": 200,
  "msg": "success"
}
Request-216: Successfully to submit computes request
{
  "code": 200,
  "msg": "success"
}
Request-370: Successfully to submit computes request
{
  "code": 200,
  "msg": "success"
}
Request-401: Successfully to submit computes request
{
  "code": 200,
  "msg": "success"
}
Request-405: Successfully to submit computes request
{
  "code": 200,
  "msg": "success"
}
Request-414: Successfully to submit computes request
{
  "code": 200,
  "msg": "success"
}
Request-262: Successfully to submit computes request
{
  "code": 200,
  "msg": "success"
}
Request-418: Successfully to submit computes request
{
  "code": 200,
  "msg": "success"
}
Request-443: Successfully to submit computes request
{
  "code": 200,
  "msg": "success"
}
Request-472: Successfully to submit computes request
{
  "code": 200,
  "msg": "success"
}
Request-444: Successfully to submit computes request
{
  "code": 200,
  "msg": "success"
}
Request-476: Successfully to submit computes request
{
  "code": 200,
  "msg": "success"
}
Request-317: Successfully to submit computes request
{
  "code": 200,
  "msg": "success"
}
Request-307: Successfully to submit computes request
{
  "code": 200,
  "msg": "success"
}
Request-318: Successfully to submit computes request
{
  "code": 200,
  "msg": "success"
}
 {
  "code": 200,
  "msg": "success"
}Request-175: Successfully to submit computes request

Request-334: Successfully to submit computes request
{
  "code": 200,
  "msg": "success"
}
Request-497: Successfully to submit computes request
{
  "code": 200,
  "msg": "success"
}
Request-184: Successfully to submit computes request
{
  "code": 200,
  "msg": "success"
}
Request-371: Successfully to submit computes request
{
  "code": 200,
  "msg": "success"
}
Request-210: Successfully to submit computes request
{
  "code": 200,
  "msg": "success"
}
Request-369: Successfully to submit computes request
{
  "code": 200,
  "msg": "success"
}
Request-365: Successfully to submit computes request
{
  "code": 200,
  "msg": "success"
}
Request-209: Successfully to submit computes request
{
  "code": 200,
  "msg": "success"
}
Request-220: Successfully to submit computes request
{
  "code": 200,
  "msg": "success"
}
Request-218: Successfully to submit computes request
{
  "code": 200,
  "msg": "success"
}
Request-221: Successfully to submit computes request
{
  "code": 200,
  "msg": "success"
}
Request-225: Successfully to submit computes request
{
  "code": 200,
  "msg": "success"
}
Request-228: Successfully to submit computes request
{
  "code": 200,
  "msg": "success"
}
Request-398: Successfully to submit computes request
{
  "code": 200,
  "msg": "success"
}
Request-393: Successfully to submit computes request
{
  "code": 200,
  "msg": "success"
}
Request-261: Successfully to submit computes request
{
  "code": 200,
  "msg": "success"
}
Request-406: Successfully to submit computes request
{
  "code": 200,
  "msg": "success"
}
Request-423: Successfully to submit computes request
{
  "code": 200,
  "msg": "success"
}
Request-258: Successfully to submit computes request
{
  "code": 200,
  "msg": "success"
}
Request-252: Successfully to submit computes request
{
  "code": 200,
  "msg": "success"
}
Request-416: Successfully to submit computes request
{
  "code": 200,
  "msg": "success"
}
Request-189: Successfully to submit computes request
{
  "code": 200,
  "msg": "success"
}
Request-436: Successfully to submit computes request
{
  "code": 200,
  "msg": "success"
}
Request-269: Successfully to submit computes request
{
  "code": 200,
  "msg": "success"
}
Request-268: Successfully to submit computes request
{
  "code": 200,
  "msg": "success"
}
Request-280: Successfully to submit computes request
{
  "code": 200,
  "msg": "success"
}
Request-240: Successfully to submit computes request
{
  "code": 200,
  "msg": "success"
}
Request-286: Successfully to submit computes request
{
  "code": 200,
  "msg": "success"
}
Request-452: Successfully to submit computes request
{
  "code": 200,
  "msg": "success"
}
Request-284: Successfully to submit computes request
{
  "code": 200,
  "msg": "success"
}
Request-448: Successfully to submit computes request
{
  "code": 200,
  "msg": "success"
}
Request-146: Successfully to submit computes request
{
  "code": 200,
  "msg": "success"
}
Request-458: Successfully to submit computes request
{
  "code": 200,
  "msg": "success"
}
Request-314: Successfully to submit computes request
{
  "code": 200,
  "msg": "success"
}
Request-498: Successfully to submit computes request
{
  "code": 200,
  "msg": "success"
}
Request-152: Successfully to submit computes request
{
  "code": 200,
  "msg": "success"
}
Request-327: Successfully to submit computes request
{
  "code": 200,
  "msg": "success"
}
Request-169: Successfully to submit computes request
{
  "code": 200,
  "msg": "success"
}
Request-496: Successfully to submit computes request
{
  "code": 200,
  "msg": "success"
}
Request-340: Successfully to submit computes request
{
  "code": 200,
  "msg": "success"
}
Request-344: Successfully to submit computes request
{
  "code": 200,
  "msg": "success"
}
Request-342: Successfully to submit computes request
{
  "code": 200,
  "msg": "success"
}
Request-299: Successfully to submit computes request
{
  "code": 200,
  "msg": "success"
}
Request-363: Successfully to submit computes request
{
  "code": 200,
  "msg": "success"
}
Request-352: Successfully to submit computes request
{
  "code": 200,
  "msg": "success"
}
Request-367: Successfully to submit computes request
{
  "code": 200,
  "msg": "success"
}
Request-191: Successfully to submit computes request
{
  "code": 200,
  "msg": "success"
}
Request-385: Successfully to submit computes request
{
  "code": 200,
  "msg": "success"
}
Request-223: Successfully to submit computes request
{
  "code": 200,
  "msg": "success"
}
 {
  "code": 200,
  "msg": "success"
}Request-227: Successfully to submit computes request

Request-211: Successfully to submit computes request
{
  "code": 200,
  "msg": "success"
}
Request-378: Successfully to submit computes request
{
  "code": 200,
  "msg": "success"
}
Request-232: Successfully to submit computes request
{
  "code": 200,
  "msg": "success"
}
 {
  "code": 200,
  "msg": "success"
}Request-263: Successfully to submit computes request

Request-237: Successfully to submit computes request
{
  "code": 200,
  "msg": "success"
}
Request-260: Successfully to submit computes request
{
  "code": 200,
  "msg": "success"
}
Request-425: Successfully to submit computes request
{
  "code": 200,
  "msg": "success"
}
Request-427: Successfully to submit computes request
{
  "code": 200,
  "msg": "success"
}
Request-271: Successfully to submit computes request
{
  "code": 200,
  "msg": "success"
}
Request-417: Successfully to submit computes request
{
  "code": 200,
  "msg": "success"
}
Request-424: Successfully to submit computes request
{
  "code": 200,
  "msg": "success"
}
Request-445: Successfully to submit computes request
{
  "code": 200,
  "msg": "success"
}
Request-435: Successfully to submit computes request
{
  "code": 200,
  "msg": "success"
}
Request-270: Successfully to submit computes request
{
  "code": 200,
  "msg": "success"
}
Request-287: Successfully to submit computes request
{
  "code": 200,
  "msg": "success"
}
Request-464: Successfully to submit computes request
{
  "code": 200,
  "msg": "success"
}
Request-403: Successfully to submit computes request
{
  "code": 200,
  "msg": "success"
}
Request-297: Successfully to submit computes request
{
  "code": 200,
  "msg": "success"
}
Request-288: Successfully to submit computes request
{
  "code": 200,
  "msg": "success"
}
Request-294: Successfully to submit computes request
{
  "code": 200,
  "msg": "success"
}
Request-462: Successfully to submit computes request
{
  "code": 200,
  "msg": "success"
}
Request-293: Successfully to submit computes request
{
  "code": 200,
  "msg": "success"
}
Request-157: Successfully to submit computes request
{
  "code": 200,
  "msg": "success"
}
Request-311: Successfully to submit computes request
{
  "code": 200,
  "msg": "success"
}
Request-241: Successfully to submit computes request
{
  "code": 200,
  "msg": "success"
}
Request-306: Successfully to submit computes request
{
  "code": 200,
  "msg": "success"
}
Request-159: Successfully to submit computes request
{
  "code": 200,
  "msg": "success"
}
Request-324: Successfully to submit computes request
{
  "code": 200,
  "msg": "success"
}
Request-183: Successfully to submit computes request
{
  "code": 200,
  "msg": "success"
}
Request-197: Successfully to submit computes request
{
  "code": 200,
  "msg": "success"
}
Request-196: Successfully to submit computes request
{
  "code": 200,
  "msg": "success"
}
Request-304: Successfully to submit computes request
{
  "code": 200,
  "msg": "success"
}
Request-212: Successfully to submit computes request
{
  "code": 200,
  "msg": "success"
}
Request-354: Successfully to submit computes request
{
  "code": 200,
  "msg": "success"
}
Request-376: Successfully to submit computes request
{
  "code": 200,
  "msg": "success"
}
Request-374: Successfully to submit computes request
{
  "code": 200,
  "msg": "success"
}
Request-495: Successfully to submit computes request
{
  "code": 200,
  "msg": "success"
}
Request-235: Successfully to submit computes request
{
  "code": 200,
  "msg": "success"
}
Request-257: Successfully to submit computes request
{
  "code": 200,
  "msg": "success"
}
Request-231: Successfully to submit computes request
{
  "code": 200,
  "msg": "success"
}
Request-341: Successfully to submit computes request
{
  "code": 200,
  "msg": "success"
}
Request-413: Successfully to submit computes request
{
  "code": 200,
  "msg": "success"
}
Request-451: Successfully to submit computes request
{
  "code": 200,
  "msg": "success"
}
Request-388: Successfully to submit computes request
{
  "code": 200,
  "msg": "success"
}
Request-455: Successfully to submit computes request
{
  "code": 200,
  "msg": "success"
}
Request-312: Successfully to submit computes request
{
  "code": 200,
  "msg": "success"
}
Request-453: Successfully to submit computes request
{
  "code": 200,
  "msg": "success"
}
Request-309: Successfully to submit computes request
{
  "code": 200,
  "msg": "success"
}
Request-323: Successfully to submit computes request
{
  "code": 200,
  "msg": "success"
}
Request-474: Successfully to submit computes request
{
  "code": 200,
  "msg": "success"
}
Request-321: Successfully to submit computes request
{
  "code": 200,
  "msg": "success"
}
Request-437: Successfully to submit computes request
{
  "code": 200,
  "msg": "success"
}
Request-335: Successfully to submit computes request
{
  "code": 200,
  "msg": "success"
}
Request-330: Successfully to submit computes request
{
  "code": 200,
  "msg": "success"
}
Request-305: Successfully to submit computes request
{
  "code": 200,
  "msg": "success"
}
Request-332: Successfully to submit computes request
{
  "code": 200,
  "msg": "success"
}
Request-343: Successfully to submit computes request
{
  "code": 200,
  "msg": "success"
}
Request-339: Successfully to submit computes request
{
  "code": 200,
  "msg": "success"
}
Request-429: Successfully to submit computes request
{
  "code": 200,
  "msg": "success"
}
Request-281: Successfully to submit computes request
{
  "code": 200,
  "msg": "success"
}
Request-357: Successfully to submit computes request
{
  "code": 200,
  "msg": "success"
}
Request-380: Successfully to submit computes request
{
  "code": 200,
  "msg": "success"
}
Request-277: Successfully to submit computes request
{
  "code": 200,
  "msg": "success"
}
Request-377: Successfully to submit computes request
{
  "code": 200,
  "msg": "success"
}
Request-407: Successfully to submit computes request
{
  "code": 200,
  "msg": "success"
}
Request-408: Successfully to submit computes request
{
  "code": 200,
  "msg": "success"
}
Request-250: Successfully to submit computes request
{
  "code": 200,
  "msg": "success"
}
Request-415: Successfully to submit computes request
{
  "code": 200,
  "msg": "success"
}
Request-419: Successfully to submit computes request
{
  "code": 200,
  "msg": "success"
}
Request-420: Successfully to submit computes request
{
  "code": 200,
  "msg": "success"
}
Request-291: Successfully to submit computes request
{
  "code": 200,
  "msg": "success"
}
Request-249: Successfully to submit computes request
{
  "code": 200,
  "msg": "success"
}
Request-162: Successfully to submit computes request
{
  "code": 200,
  "msg": "success"
}
Request-161: Successfully to submit computes request
{
  "code": 200,
  "msg": "success"
}
Request-174: Successfully to submit computes request
{
  "code": 200,
  "msg": "success"
}
Request-181: Successfully to submit computes request
{
  "code": 200,
  "msg": "success"
}
Request-466: Successfully to submit computes request
{
  "code": 200,
  "msg": "success"
}
Request-142: Successfully to submit computes request
{
  "code": 200,
  "msg": "success"
}
Request-139: Successfully to submit computes request
{
  "code": 200,
  "msg": "success"
}
Request-303: Successfully to submit computes request
{
  "code": 200,
  "msg": "success"
}
Request-492: Successfully to submit computes request
{
  "code": 200,
  "msg": "success"
}
Request-478: Successfully to submit computes request
{
  "code": 200,
  "msg": "success"
}
Request-188: Successfully to submit computes request
{
  "code": 200,
  "msg": "success"
}
Request-166: Successfully to submit computes request
{
  "code": 200,
  "msg": "success"
}
Request-163: Successfully to submit computes request
{
  "code": 200,
  "msg": "success"
}
Request-351: Successfully to submit computes request
{
  "code": 200,
  "msg": "success"
}
 {
  "code": 200,
  "msg": "success"
}
Request-168: Successfully to submit computes request
Request-145: Successfully to submit computes request
{
  "code": 200,
  "msg": "success"
}
Request-177: Successfully to submit computes request
{
  "code": 200,
  "msg": "success"
}
Request-373: Successfully to submit computes request
{
  "code": 200,
  "msg": "success"
}
Request-404: Successfully to submit computes request
{
  "code": 200,
  "msg": "success"
}
Request-246: Successfully to submit computes request
{
  "code": 200,
  "msg": "success"
}
Request-144: Successfully to submit computes request
{
  "code": 200,
  "msg": "success"
}
Request-292: Successfully to submit computes request
{
  "code": 200,
  "msg": "success"
}
Request-447: Successfully to submit computes request
{
  "code": 200,
  "msg": "success"
}
Request-355: Successfully to submit computes request
{
  "code": 200,
  "msg": "success"
}
Request-313: Successfully to submit computes request
{
  "code": 200,
  "msg": "success"
}
Request-333: Successfully to submit computes request
{
  "code": 200,
  "msg": "success"
}
Request-301: Successfully to submit computes request
{
  "code": 200,
  "msg": "success"
}
Request-337: Successfully to submit computes request
{
  "code": 200,
  "msg": "success"
}
Request-461: Successfully to submit computes request
{
  "code": 200,
  "msg": "success"
}
Request-156: Successfully to submit computes request
{
  "code": 200,
  "msg": "success"
}
Request-150: Successfully to submit computes request
{
  "code": 200,
  "msg": "success"
}
Request-155: Successfully to submit computes request
{
  "code": 200,
  "msg": "success"
}
Request-165: Successfully to submit computes request
{
  "code": 200,
  "msg": "success"
}
Request-325: Successfully to submit computes request
{
  "code": 200,
  "msg": "success"
}
Request-171: Successfully to submit computes request
{
  "code": 200,
  "msg": "success"
}
Request-384: Successfully to submit computes request
{
  "code": 200,
  "msg": "success"
}
Request-190: Successfully to submit computes request
{
  "code": 200,
  "msg": "success"
}
Request-395: Successfully to submit computes request
{
  "code": 200,
  "msg": "success"
}
Request-399: Successfully to submit computes request
{
  "code": 200,
  "msg": "success"
}
Request-400: Successfully to submit computes request
{
  "code": 200,
  "msg": "success"
}
Request-200: Successfully to submit computes request
{
  "code": 200,
  "msg": "success"
}
Request-208: Successfully to submit computes request
{
  "code": 200,
  "msg": "success"
}
 {
  "code": 200,
  "msg": "success"
}
Request-214: Successfully to submit computes request
Request-213: Successfully to submit computes request
{
  "code": 200,
  "msg": "success"
}
Request-236: Successfully to submit computes request
{
  "code": 200,
  "msg": "success"
}
Request-441: Successfully to submit computes request
{
  "code": 200,
  "msg": "success"
}
Request-446: Successfully to submit computes request
{
  "code": 200,
  "msg": "success"
}
Request-460: Successfully to submit computes request
{
  "code": 200,
  "msg": "success"
}
Request-253: Successfully to submit computes request
{
  "code": 200,
  "msg": "success"
}
Request-259: Successfully to submit computes request
{
  "code": 200,
  "msg": "success"
}
Request-251: Successfully to submit computes request
{
  "code": 200,
  "msg": "success"
}
Request-449: Successfully to submit computes request
{
  "code": 200,
  "msg": "success"
}
Request-265: Successfully to submit computes request
{
  "code": 200,
  "msg": "success"
}
Request-479: Successfully to submit computes request
{
  "code": 200,
  "msg": "success"
}
Request-239: Successfully to submit computes request
{
  "code": 200,
  "msg": "success"
}
Request-300: Successfully to submit computes request
{
  "code": 200,
  "msg": "success"
}
Request-147: Successfully to submit computes request
{
  "code": 200,
  "msg": "success"
}
Request-329: Successfully to submit computes request
{
  "code": 200,
  "msg": "success"
}
Request-326: Successfully to submit computes request
{
  "code": 200,
  "msg": "success"
}
Request-315: Successfully to submit computes request
{
  "code": 200,
  "msg": "success"
}
Request-178: Successfully to submit computes request
{
  "code": 200,
  "msg": "success"
}
Request-207: Successfully to submit computes request
{
  "code": 200,
  "msg": "success"
}
Request-202: Successfully to submit computes request
{
  "code": 200,
  "msg": "success"
}
Request-397: Successfully to submit computes request
{
  "code": 200,
  "msg": "success"
}
Request-226: Successfully to submit computes request
{
  "code": 200,
  "msg": "success"
}
Request-242: Successfully to submit computes request
{
  "code": 200,
  "msg": "success"
}
Request-247: Successfully to submit computes request
{
  "code": 200,
  "msg": "success"
}
Request-410: Successfully to submit computes request
{
  "code": 200,
  "msg": "success"
}
Request-267: Successfully to submit computes request
{
  "code": 200,
  "msg": "success"
}
Request-483: Successfully to submit computes request
{
  "code": 200,
  "msg": "success"
}
Request-487: Successfully to submit computes request
{
  "code": 200,
  "msg": "success"
}
Request-473: Successfully to submit computes request
{
  "code": 200,
  "msg": "success"
}
Request-470: Successfully to submit computes request
{
  "code": 200,
  "msg": "success"
}
Request-349: Successfully to submit computes request
{
  "code": 200,
  "msg": "success"
}
Request-187: Successfully to submit computes request
{
  "code": 200,
  "msg": "success"
}
Request-372: Successfully to submit computes request
{
  "code": 200,
  "msg": "success"
}
Request-396: Successfully to submit computes request
{
  "code": 200,
  "msg": "success"
}
Request-198: Successfully to submit computes request
{
  "code": 200,
  "msg": "success"
}
Request-411: Successfully to submit computes request
{
  "code": 200,
  "msg": "success"
}
Request-256: Successfully to submit computes request
{
  "code": 200,
  "msg": "success"
}
Request-244: Successfully to submit computes request
{
  "code": 200,
  "msg": "success"
}
Request-143: Successfully to submit computes request
{
  "code": 200,
  "msg": "success"
}
Request-428: Successfully to submit computes request
{
  "code": 200,
  "msg": "success"
}
 {
  "code": 200,
  "msg": "success"
}Request-442: Successfully to submit computes request

Request-440: Successfully to submit computes request
{
  "code": 200,
  "msg": "success"
}
Request-477: Successfully to submit computes request
{
  "code": 200,
  "msg": "success"
}
Request-426: Successfully to submit computes request
{
  "code": 200,
  "msg": "success"
}
Request-276: Successfully to submit computes request
{
  "code": 200,
  "msg": "success"
}
Request-154: Successfully to submit computes request
{
  "code": 200,
  "msg": "success"
}
Request-469: Successfully to submit computes request
{
  "code": 200,
  "msg": "success"
}
Request-488: Successfully to submit computes request
{
  "code": 200,
  "msg": "success"
}
Request-180: Successfully to submit computes request
{
  "code": 200,
  "msg": "success"
}
Request-164: Successfully to submit computes request
{
  "code": 200,
  "msg": "success"
}
Request-499: Successfully to submit computes request
{
  "code": 200,
  "msg": "success"
}
Request-193: Successfully to submit computes request
{
  "code": 200,
  "msg": "success"
}
Request-463: Successfully to submit computes request
{
  "code": 200,
  "msg": "success"
}
Request-348: Successfully to submit computes request
{
  "code": 200,
  "msg": "success"
}
Request-368: Successfully to submit computes request
{
  "code": 200,
  "msg": "success"
}
Request-375: Successfully to submit computes request
{
  "code": 200,
  "msg": "success"
}
Request-361: Successfully to submit computes request
{
  "code": 200,
  "msg": "success"
}
Request-360: Successfully to submit computes request
{
  "code": 200,
  "msg": "success"
}
Request-203: Successfully to submit computes request
{
  "code": 200,
  "msg": "success"
}
Request-387: Successfully to submit computes request
{
  "code": 200,
  "msg": "success"
}
Request-234: Successfully to submit computes request
{
  "code": 200,
  "msg": "success"
}
Request-439: Successfully to submit computes request
{
  "code": 200,
  "msg": "success"
}
Request-272: Successfully to submit computes request
{
  "code": 200,
  "msg": "success"
}
Request-274: Successfully to submit computes request
{
  "code": 200,
  "msg": "success"
}
Request-266: Successfully to submit computes request
{
  "code": 200,
  "msg": "success"
}
Request-482: Successfully to submit computes request
{
  "code": 200,
  "msg": "success"
}
Request-153: Successfully to submit computes request
{
  "code": 200,
  "msg": "success"
}
 {
  "code": 200,
  "msg": "success"
}Request-459: Successfully to submit computes request

Request-467: Successfully to submit computes request
{
  "code": 200,
  "msg": "success"
}
 {
  "code": 200,
  "msg": "success"
}Request-457: Successfully to submit computes request

Request-484: Successfully to submit computes request
{
  "code": 200,
  "msg": "success"
}
Request-465: Successfully to submit computes request
{
  "code": 200,
  "msg": "success"
}
Request-480: Successfully to submit computes request
{
  "code": 200,
  "msg": "success"
}
Request-289: Successfully to submit computes request
{
  "code": 200,
  "msg": "success"
}
Request-475: Successfully to submit computes request
{
  "code": 200,
  "msg": "success"
}
Request-151: Successfully to submit computes request
{
  "code": 200,
  "msg": "success"
}
Request-149: Successfully to submit computes request
{
  "code": 200,
  "msg": "success"
}
Request-167: Successfully to submit computes request
{
  "code": 200,
  "msg": "success"
}
Request-359: Successfully to submit computes request
{
  "code": 200,
  "msg": "success"
}
Request-456: Successfully to submit computes request
{
  "code": 200,
  "msg": "success"
}
Request-362: Successfully to submit computes request
{
  "code": 200,
  "msg": "success"
}
Request-275: Successfully to submit computes request
{
  "code": 200,
  "msg": "success"
}
Request-158: Successfully to submit computes request
{
  "code": 200,
  "msg": "success"
}
 {
  "code": 200,
  "msg": "success"
}
Request-160: Successfully to submit computes request
Request-308: Successfully to submit computes request
{
  "code": 200,
  "msg": "success"
}
Request-338: Successfully to submit computes request
{
  "code": 200,
  "msg": "success"
}
Request-421: Successfully to submit computes request
{
  "code": 200,
  "msg": "success"
}
Request-254: Successfully to submit computes request
{
  "code": 200,
  "msg": "success"
}
Request-310: Successfully to submit computes request
{
  "code": 200,
  "msg": "success"
}
Request-468: Successfully to submit computes request
{
  "code": 200,
  "msg": "success"
}
Request-320: Successfully to submit computes request
{
  "code": 200,
  "msg": "success"
}
Request-489: Successfully to submit computes request
{
  "code": 200,
  "msg": "success"
}
Request-500: Successfully to submit computes request
{
  "code": 200,
  "msg": "success"
}
Request-322: Successfully to submit computes request
{
  "code": 200,
  "msg": "success"
}
Request-485: Successfully to submit computes request
{
  "code": 200,
  "msg": "success"
}
Request-195: Successfully to submit computes request
{
  "code": 200,
  "msg": "success"
}
Request-386: Successfully to submit computes request
{
  "code": 200,
  "msg": "success"
}
Request-382: Successfully to submit computes request
{
  "code": 200,
  "msg": "success"
}
Request-224: Successfully to submit computes request
{
  "code": 200,
  "msg": "success"
}
Request-390: Successfully to submit computes request
{
  "code": 200,
  "msg": "success"
}
Request-490: Successfully to submit computes request
{
  "code": 200,
  "msg": "success"
}
Request-494: Successfully to submit computes request
{
  "code": 200,
  "msg": "success"
}
Request-471: Successfully to submit computes request
{
  "code": 200,
  "msg": "success"
}
Request-201: Successfully to submit computes request
{
  "code": 200,
  "msg": "success"
}
Request-486: Successfully to submit computes request
